{"/Users/onyemaanthony/WebstormProjects/Liquifact-backend/src/app.js": {"path":"/Users/onyemaanthony/WebstormProjects/Liquifact-backend/src/app.js","statementMap":{"0":{"start":{"line":19,"column":16},"end":{"line":19,"column":34}},"1":{"start":{"line":20,"column":13},"end":{"line":20,"column":28}},"2":{"start":{"line":21,"column":0},"end":{"line":21,"column":27}},"3":{"start":{"line":23,"column":32},"end":{"line":23,"column":61}},"4":{"start":{"line":24,"column":57},"end":{"line":24,"column":81}},"5":{"start":{"line":30,"column":4},"end":{"line":30,"column":42}},"6":{"start":{"line":32,"column":23},"end":{"line":32,"column":60}},"7":{"start":{"line":33,"column":39},"end":{"line":33,"column":68}},"8":{"start":{"line":34,"column":21},"end":{"line":34,"column":52}},"9":{"start":{"line":46,"column":2},"end":{"line":49,"column":3}},"10":{"start":{"line":47,"column":4},"end":{"line":47,"column":49}},"11":{"start":{"line":48,"column":4},"end":{"line":48,"column":11}},"12":{"start":{"line":50,"column":2},"end":{"line":50,"column":12}},"13":{"start":{"line":63,"column":2},"end":{"line":63,"column":21}},"14":{"start":{"line":64,"column":2},"end":{"line":64,"column":59}},"15":{"start":{"line":76,"column":14},"end":{"line":76,"column":23}},"16":{"start":{"line":81,"column":2},"end":{"line":81,"column":37}},"17":{"start":{"line":85,"column":2},"end":{"line":85,"column":27}},"18":{"start":{"line":87,"column":2},"end":{"line":87,"column":33}},"19":{"start":{"line":92,"column":2},"end":{"line":99,"column":5}},"20":{"start":{"line":93,"column":4},"end":{"line":98,"column":7}},"21":{"start":{"line":102,"column":2},"end":{"line":112,"column":5}},"22":{"start":{"line":103,"column":4},"end":{"line":111,"column":7}},"23":{"start":{"line":115,"column":2},"end":{"line":120,"column":5}},"24":{"start":{"line":116,"column":4},"end":{"line":119,"column":7}},"25":{"start":{"line":123,"column":2},"end":{"line":128,"column":5}},"26":{"start":{"line":124,"column":4},"end":{"line":127,"column":7}},"27":{"start":{"line":131,"column":2},"end":{"line":150,"column":5}},"28":{"start":{"line":132,"column":26},"end":{"line":132,"column":36}},"29":{"start":{"line":133,"column":4},"end":{"line":149,"column":5}},"30":{"start":{"line":139,"column":24},"end":{"line":141,"column":7}},"31":{"start":{"line":140,"column":8},"end":{"line":140,"column":67}},"32":{"start":{"line":142,"column":19},"end":{"line":142,"column":55}},"33":{"start":{"line":143,"column":6},"end":{"line":146,"column":9}},"34":{"start":{"line":148,"column":6},"end":{"line":148,"column":86}},"35":{"start":{"line":153,"column":2},"end":{"line":155,"column":5}},"36":{"start":{"line":154,"column":4},"end":{"line":154,"column":46}},"37":{"start":{"line":158,"column":2},"end":{"line":160,"column":5}},"38":{"start":{"line":159,"column":4},"end":{"line":159,"column":65}},"39":{"start":{"line":163,"column":2},"end":{"line":163,"column":27}},"40":{"start":{"line":164,"column":2},"end":{"line":164,"column":34}},"41":{"start":{"line":165,"column":2},"end":{"line":165,"column":31}},"42":{"start":{"line":167,"column":2},"end":{"line":167,"column":13}},"43":{"start":{"line":170,"column":0},"end":{"line":174,"column":2}}},"fnMap":{"0":{"name":"handleCorsError","decl":{"start":{"line":45,"column":9},"end":{"line":45,"column":24}},"loc":{"start":{"line":45,"column":46},"end":{"line":51,"column":1}},"line":45},"1":{"name":"handleInternalError","decl":{"start":{"line":62,"column":9},"end":{"line":62,"column":28}},"loc":{"start":{"line":62,"column":51},"end":{"line":65,"column":1}},"line":62},"2":{"name":"createApp","decl":{"start":{"line":75,"column":9},"end":{"line":75,"column":18}},"loc":{"start":{"line":75,"column":21},"end":{"line":168,"column":1}},"line":75},"3":{"name":"(anonymous_3)","decl":{"start":{"line":92,"column":21},"end":{"line":92,"column":22}},"loc":{"start":{"line":92,"column":35},"end":{"line":99,"column":3}},"line":92},"4":{"name":"(anonymous_4)","decl":{"start":{"line":102,"column":18},"end":{"line":102,"column":19}},"loc":{"start":{"line":102,"column":32},"end":{"line":112,"column":3}},"line":102},"5":{"name":"(anonymous_5)","decl":{"start":{"line":115,"column":27},"end":{"line":115,"column":28}},"loc":{"start":{"line":115,"column":41},"end":{"line":120,"column":3}},"line":115},"6":{"name":"(anonymous_6)","decl":{"start":{"line":123,"column":51},"end":{"line":123,"column":52}},"loc":{"start":{"line":123,"column":65},"end":{"line":128,"column":3}},"line":123},"7":{"name":"(anonymous_7)","decl":{"start":{"line":131,"column":36},"end":{"line":131,"column":37}},"loc":{"start":{"line":131,"column":56},"end":{"line":150,"column":3}},"line":131},"8":{"name":"(anonymous_8)","decl":{"start":{"line":139,"column":24},"end":{"line":139,"column":25}},"loc":{"start":{"line":139,"column":36},"end":{"line":141,"column":7}},"line":139},"9":{"name":"(anonymous_9)","decl":{"start":{"line":153,"column":20},"end":{"line":153,"column":21}},"loc":{"start":{"line":153,"column":40},"end":{"line":155,"column":3}},"line":153},"10":{"name":"(anonymous_10)","decl":{"start":{"line":158,"column":10},"end":{"line":158,"column":11}},"loc":{"start":{"line":158,"column":24},"end":{"line":160,"column":3}},"line":158}},"branchMap":{"0":{"loc":{"start":{"line":46,"column":2},"end":{"line":49,"column":3}},"type":"if","locations":[{"start":{"line":46,"column":2},"end":{"line":49,"column":3}},{"start":{},"end":{}}],"line":46},"1":{"loc":{"start":{"line":148,"column":36},"end":{"line":148,"column":82}},"type":"binary-expr","locations":[{"start":{"line":148,"column":36},"end":{"line":148,"column":49}},{"start":{"line":148,"column":53},"end":{"line":148,"column":82}}],"line":148}},"s":{"0":0,"1":0,"2":0,"3":0,"4":0,"5":0,"6":0,"7":0,"8":0,"9":0,"10":0,"11":0,"12":0,"13":0,"14":0,"15":0,"16":0,"17":0,"18":0,"19":0,"20":0,"21":0,"22":0,"23":0,"24":0,"25":0,"26":0,"27":0,"28":0,"29":0,"30":0,"31":0,"32":0,"33":0,"34":0,"35":0,"36":0,"37":0,"38":0,"39":0,"40":0,"41":0,"42":0,"43":0},"f":{"0":0,"1":0,"2":0,"3":0,"4":0,"5":0,"6":0,"7":0,"8":0,"9":0,"10":0},"b":{"0":[0,0],"1":[0,0]}}
,"/Users/onyemaanthony/WebstormProjects/Liquifact-backend/src/config/cors.js": {"path":"/Users/onyemaanthony/WebstormProjects/Liquifact-backend/src/config/cors.js","statementMap":{"0":{"start":{"line":25,"column":28},"end":{"line":31,"column":1}},"1":{"start":{"line":41,"column":2},"end":{"line":41,"column":45}},"2":{"start":{"line":41,"column":33},"end":{"line":41,"column":45}},"3":{"start":{"line":42,"column":2},"end":{"line":49,"column":4}},"4":{"start":{"line":46,"column":20},"end":{"line":46,"column":28}},"5":{"start":{"line":59,"column":18},"end":{"line":59,"column":71}},"6":{"start":{"line":60,"column":2},"end":{"line":60,"column":39}},"7":{"start":{"line":60,"column":24},"end":{"line":60,"column":39}},"8":{"start":{"line":62,"column":2},"end":{"line":62,"column":73}},"9":{"start":{"line":62,"column":46},"end":{"line":62,"column":73}},"10":{"start":{"line":65,"column":2},"end":{"line":65,"column":14}},"11":{"start":{"line":77,"column":14},"end":{"line":77,"column":74}},"12":{"start":{"line":78,"column":2},"end":{"line":78,"column":34}},"13":{"start":{"line":79,"column":2},"end":{"line":79,"column":19}},"14":{"start":{"line":80,"column":2},"end":{"line":80,"column":13}},"15":{"start":{"line":91,"column":2},"end":{"line":91,"column":58}},"16":{"start":{"line":109,"column":20},"end":{"line":109,"column":38}},"17":{"start":{"line":111,"column":2},"end":{"line":137,"column":4}},"18":{"start":{"line":120,"column":6},"end":{"line":122,"column":7}},"19":{"start":{"line":121,"column":8},"end":{"line":121,"column":36}},"20":{"start":{"line":125,"column":6},"end":{"line":127,"column":7}},"21":{"start":{"line":126,"column":8},"end":{"line":126,"column":58}},"22":{"start":{"line":129,"column":6},"end":{"line":131,"column":7}},"23":{"start":{"line":130,"column":8},"end":{"line":130,"column":36}},"24":{"start":{"line":133,"column":6},"end":{"line":133,"column":56}},"25":{"start":{"line":140,"column":0},"end":{"line":146,"column":2}}},"fnMap":{"0":{"name":"parseAllowedOrigins","decl":{"start":{"line":40,"column":9},"end":{"line":40,"column":28}},"loc":{"start":{"line":40,"column":34},"end":{"line":50,"column":1}},"line":40},"1":{"name":"(anonymous_1)","decl":{"start":{"line":46,"column":13},"end":{"line":46,"column":14}},"loc":{"start":{"line":46,"column":20},"end":{"line":46,"column":28}},"line":46},"2":{"name":"resolveAllowlist","decl":{"start":{"line":58,"column":9},"end":{"line":58,"column":25}},"loc":{"start":{"line":58,"column":28},"end":{"line":66,"column":1}},"line":58},"3":{"name":"createCorsRejectionError","decl":{"start":{"line":76,"column":9},"end":{"line":76,"column":33}},"loc":{"start":{"line":76,"column":42},"end":{"line":81,"column":1}},"line":76},"4":{"name":"isCorsOriginRejectedError","decl":{"start":{"line":90,"column":9},"end":{"line":90,"column":34}},"loc":{"start":{"line":90,"column":40},"end":{"line":92,"column":1}},"line":90},"5":{"name":"createCorsOptions","decl":{"start":{"line":108,"column":9},"end":{"line":108,"column":26}},"loc":{"start":{"line":108,"column":29},"end":{"line":138,"column":1}},"line":108},"6":{"name":"(anonymous_6)","decl":{"start":{"line":118,"column":4},"end":{"line":118,"column":5}},"loc":{"start":{"line":118,"column":29},"end":{"line":134,"column":5}},"line":118}},"branchMap":{"0":{"loc":{"start":{"line":41,"column":2},"end":{"line":41,"column":45}},"type":"if","locations":[{"start":{"line":41,"column":2},"end":{"line":41,"column":45}},{"start":{},"end":{}}],"line":41},"1":{"loc":{"start":{"line":41,"column":6},"end":{"line":41,"column":31}},"type":"binary-expr","locations":[{"start":{"line":41,"column":6},"end":{"line":41,"column":10}},{"start":{"line":41,"column":14},"end":{"line":41,"column":31}}],"line":41},"2":{"loc":{"start":{"line":60,"column":2},"end":{"line":60,"column":39}},"type":"if","locations":[{"start":{"line":60,"column":2},"end":{"line":60,"column":39}},{"start":{},"end":{}}],"line":60},"3":{"loc":{"start":{"line":62,"column":2},"end":{"line":62,"column":73}},"type":"if","locations":[{"start":{"line":62,"column":2},"end":{"line":62,"column":73}},{"start":{},"end":{}}],"line":62},"4":{"loc":{"start":{"line":91,"column":9},"end":{"line":91,"column":57}},"type":"binary-expr","locations":[{"start":{"line":91,"column":9},"end":{"line":91,"column":20}},{"start":{"line":91,"column":24},"end":{"line":91,"column":57}}],"line":91},"5":{"loc":{"start":{"line":120,"column":6},"end":{"line":122,"column":7}},"type":"if","locations":[{"start":{"line":120,"column":6},"end":{"line":122,"column":7}},{"start":{},"end":{}}],"line":120},"6":{"loc":{"start":{"line":125,"column":6},"end":{"line":127,"column":7}},"type":"if","locations":[{"start":{"line":125,"column":6},"end":{"line":127,"column":7}},{"start":{},"end":{}}],"line":125},"7":{"loc":{"start":{"line":129,"column":6},"end":{"line":131,"column":7}},"type":"if","locations":[{"start":{"line":129,"column":6},"end":{"line":131,"column":7}},{"start":{},"end":{}}],"line":129}},"s":{"0":1,"1":5,"2":3,"3":2,"4":7,"5":2,"6":2,"7":0,"8":2,"9":0,"10":2,"11":1,"12":1,"13":1,"14":1,"15":1,"16":2,"17":2,"18":2,"19":1,"20":1,"21":1,"22":0,"23":0,"24":0,"25":1},"f":{"0":5,"1":7,"2":2,"3":1,"4":1,"5":2,"6":2},"b":{"0":[3,2],"1":[5,2],"2":[0,2],"3":[0,2],"4":[1,1],"5":[1,1],"6":[1,0],"7":[0,0]},"_coverageSchema":"1a1c01bbd47fc00a2c39e90264f33305004495a9","hash":"d6a8a5ee281dc340b15eca4fa3bf12d78ececa29"}
,"/Users/onyemaanthony/WebstormProjects/Liquifact-backend/src/db/knex.js": {"path":"/Users/onyemaanthony/WebstormProjects/Liquifact-backend/src/db/knex.js","statementMap":{"0":{"start":{"line":1,"column":13},"end":{"line":1,"column":28}},"1":{"start":{"line":2,"column":0},"end":{"line":2,"column":27}},"2":{"start":{"line":4,"column":15},"end":{"line":11,"column":1}},"3":{"start":{"line":14,"column":11},"end":{"line":16,"column":16}},"4":{"start":{"line":18,"column":0},"end":{"line":18,"column":20}}},"fnMap":{},"branchMap":{"0":{"loc":{"start":{"line":6,"column":14},"end":{"line":6,"column":91}},"type":"binary-expr","locations":[{"start":{"line":6,"column":14},"end":{"line":6,"column":38}},{"start":{"line":6,"column":42},"end":{"line":6,"column":91}}],"line":6},"1":{"loc":{"start":{"line":14,"column":11},"end":{"line":16,"column":16}},"type":"cond-expr","locations":[{"start":{"line":15,"column":4},"end":{"line":15,"column":26}},{"start":{"line":16,"column":4},"end":{"line":16,"column":16}}],"line":14}},"s":{"0":0,"1":0,"2":0,"3":0,"4":0},"f":{},"b":{"0":[0,0],"1":[0,0]}}
,"/Users/onyemaanthony/WebstormProjects/Liquifact-backend/src/errors/AppError.js": {"path":"/Users/onyemaanthony/WebstormProjects/Liquifact-backend/src/errors/AppError.js","statementMap":{"0":{"start":{"line":15,"column":4},"end":{"line":15,"column":17}},"1":{"start":{"line":16,"column":4},"end":{"line":16,"column":38}},"2":{"start":{"line":17,"column":4},"end":{"line":17,"column":38}},"3":{"start":{"line":18,"column":4},"end":{"line":18,"column":23}},"4":{"start":{"line":19,"column":4},"end":{"line":19,"column":32}},"5":{"start":{"line":20,"column":4},"end":{"line":20,"column":25}},"6":{"start":{"line":21,"column":4},"end":{"line":21,"column":29}},"7":{"start":{"line":24,"column":4},"end":{"line":24,"column":52}},"8":{"start":{"line":28,"column":0},"end":{"line":28,"column":26}}},"fnMap":{"0":{"name":"(anonymous_0)","decl":{"start":{"line":14,"column":2},"end":{"line":14,"column":3}},"loc":{"start":{"line":14,"column":57},"end":{"line":25,"column":3}},"line":14}},"branchMap":{"0":{"loc":{"start":{"line":17,"column":16},"end":{"line":17,"column":37}},"type":"binary-expr","locations":[{"start":{"line":17,"column":16},"end":{"line":17,"column":20}},{"start":{"line":17,"column":24},"end":{"line":17,"column":37}}],"line":17},"1":{"loc":{"start":{"line":19,"column":18},"end":{"line":19,"column":31}},"type":"binary-expr","locations":[{"start":{"line":19,"column":18},"end":{"line":19,"column":24}},{"start":{"line":19,"column":28},"end":{"line":19,"column":31}}],"line":19}},"s":{"0":4,"1":4,"2":4,"3":4,"4":4,"5":4,"6":4,"7":4,"8":4},"f":{"0":4},"b":{"0":[4,2],"1":[4,2]},"_coverageSchema":"1a1c01bbd47fc00a2c39e90264f33305004495a9","hash":"d3970ab9cfe38f4da1643cbfa6cd97578fe62eb9"}
,"/Users/onyemaanthony/WebstormProjects/Liquifact-backend/src/middleware/auth.js": {"path":"/Users/onyemaanthony/WebstormProjects/Liquifact-backend/src/middleware/auth.js","statementMap":{"0":{"start":{"line":7,"column":12},"end":{"line":7,"column":35}},"1":{"start":{"line":19,"column":26},"end":{"line":47,"column":1}},"2":{"start":{"line":20,"column":21},"end":{"line":20,"column":49}},"3":{"start":{"line":22,"column":2},"end":{"line":24,"column":3}},"4":{"start":{"line":23,"column":4},"end":{"line":23,"column":79}},"5":{"start":{"line":26,"column":21},"end":{"line":26,"column":42}},"6":{"start":{"line":28,"column":2},"end":{"line":30,"column":3}},"7":{"start":{"line":29,"column":4},"end":{"line":29,"column":109}},"8":{"start":{"line":32,"column":16},"end":{"line":32,"column":29}},"9":{"start":{"line":33,"column":17},"end":{"line":33,"column":56}},"10":{"start":{"line":35,"column":2},"end":{"line":46,"column":5}},"11":{"start":{"line":36,"column":4},"end":{"line":41,"column":5}},"12":{"start":{"line":37,"column":6},"end":{"line":39,"column":7}},"13":{"start":{"line":38,"column":8},"end":{"line":38,"column":68}},"14":{"start":{"line":40,"column":6},"end":{"line":40,"column":62}},"15":{"start":{"line":44,"column":4},"end":{"line":44,"column":23}},"16":{"start":{"line":45,"column":4},"end":{"line":45,"column":11}},"17":{"start":{"line":49,"column":0},"end":{"line":49,"column":39}}},"fnMap":{"0":{"name":"(anonymous_0)","decl":{"start":{"line":19,"column":26},"end":{"line":19,"column":27}},"loc":{"start":{"line":19,"column":46},"end":{"line":47,"column":1}},"line":19},"1":{"name":"(anonymous_1)","decl":{"start":{"line":35,"column":28},"end":{"line":35,"column":29}},"loc":{"start":{"line":35,"column":46},"end":{"line":46,"column":3}},"line":35}},"branchMap":{"0":{"loc":{"start":{"line":22,"column":2},"end":{"line":24,"column":3}},"type":"if","locations":[{"start":{"line":22,"column":2},"end":{"line":24,"column":3}},{"start":{},"end":{}}],"line":22},"1":{"loc":{"start":{"line":28,"column":2},"end":{"line":30,"column":3}},"type":"if","locations":[{"start":{"line":28,"column":2},"end":{"line":30,"column":3}},{"start":{},"end":{}}],"line":28},"2":{"loc":{"start":{"line":28,"column":6},"end":{"line":28,"column":59}},"type":"binary-expr","locations":[{"start":{"line":28,"column":6},"end":{"line":28,"column":29}},{"start":{"line":28,"column":33},"end":{"line":28,"column":59}}],"line":28},"3":{"loc":{"start":{"line":33,"column":17},"end":{"line":33,"column":56}},"type":"binary-expr","locations":[{"start":{"line":33,"column":17},"end":{"line":33,"column":39}},{"start":{"line":33,"column":43},"end":{"line":33,"column":56}}],"line":33},"4":{"loc":{"start":{"line":36,"column":4},"end":{"line":41,"column":5}},"type":"if","locations":[{"start":{"line":36,"column":4},"end":{"line":41,"column":5}},{"start":{},"end":{}}],"line":36},"5":{"loc":{"start":{"line":37,"column":6},"end":{"line":39,"column":7}},"type":"if","locations":[{"start":{"line":37,"column":6},"end":{"line":39,"column":7}},{"start":{},"end":{}}],"line":37}},"s":{"0":0,"1":0,"2":0,"3":0,"4":0,"5":0,"6":0,"7":0,"8":0,"9":0,"10":0,"11":0,"12":0,"13":0,"14":0,"15":0,"16":0,"17":0},"f":{"0":0,"1":0},"b":{"0":[0,0],"1":[0,0],"2":[0,0],"3":[0,0],"4":[0,0],"5":[0,0]}}
,"/Users/onyemaanthony/WebstormProjects/Liquifact-backend/src/middleware/bodySizeLimits.js": {"path":"/Users/onyemaanthony/WebstormProjects/Liquifact-backend/src/middleware/bodySizeLimits.js","statementMap":{"0":{"start":{"line":13,"column":16},"end":{"line":13,"column":34}},"1":{"start":{"line":25,"column":23},"end":{"line":30,"column":1}},"2":{"start":{"line":51,"column":2},"end":{"line":53,"column":3}},"3":{"start":{"line":52,"column":4},"end":{"line":52,"column":62}},"4":{"start":{"line":55,"column":16},"end":{"line":55,"column":74}},"5":{"start":{"line":56,"column":2},"end":{"line":58,"column":3}},"6":{"start":{"line":57,"column":4},"end":{"line":57,"column":67}},"7":{"start":{"line":60,"column":16},"end":{"line":60,"column":36}},"8":{"start":{"line":61,"column":15},"end":{"line":61,"column":46}},"9":{"start":{"line":63,"column":22},"end":{"line":63,"column":70}},"10":{"start":{"line":64,"column":2},"end":{"line":64,"column":47}},"11":{"start":{"line":76,"column":2},"end":{"line":81,"column":5}},"12":{"start":{"line":98,"column":24},"end":{"line":98,"column":52}},"13":{"start":{"line":99,"column":19},"end":{"line":99,"column":43}},"14":{"start":{"line":101,"column":2},"end":{"line":118,"column":4}},"15":{"start":{"line":112,"column":28},"end":{"line":112,"column":78}},"16":{"start":{"line":113,"column":6},"end":{"line":115,"column":7}},"17":{"start":{"line":114,"column":8},"end":{"line":114,"column":60}},"18":{"start":{"line":116,"column":6},"end":{"line":116,"column":13}},"19":{"start":{"line":131,"column":24},"end":{"line":131,"column":58}},"20":{"start":{"line":132,"column":19},"end":{"line":132,"column":43}},"21":{"start":{"line":134,"column":2},"end":{"line":151,"column":4}},"22":{"start":{"line":145,"column":28},"end":{"line":145,"column":78}},"23":{"start":{"line":146,"column":6},"end":{"line":148,"column":7}},"24":{"start":{"line":147,"column":8},"end":{"line":147,"column":60}},"25":{"start":{"line":149,"column":6},"end":{"line":149,"column":13}},"26":{"start":{"line":170,"column":2},"end":{"line":176,"column":3}},"27":{"start":{"line":171,"column":4},"end":{"line":175,"column":7}},"28":{"start":{"line":177,"column":2},"end":{"line":177,"column":12}},"29":{"start":{"line":193,"column":2},"end":{"line":193,"column":56}},"30":{"start":{"line":196,"column":0},"end":{"line":203,"column":2}}},"fnMap":{"0":{"name":"parseSize","decl":{"start":{"line":50,"column":9},"end":{"line":50,"column":18}},"loc":{"start":{"line":50,"column":28},"end":{"line":65,"column":1}},"line":50},"1":{"name":"sendPayloadTooLarge","decl":{"start":{"line":75,"column":9},"end":{"line":75,"column":28}},"loc":{"start":{"line":75,"column":46},"end":{"line":82,"column":1}},"line":75},"2":{"name":"jsonBodyLimit","decl":{"start":{"line":97,"column":9},"end":{"line":97,"column":22}},"loc":{"start":{"line":97,"column":30},"end":{"line":119,"column":1}},"line":97},"3":{"name":"jsonSizeGuard","decl":{"start":{"line":111,"column":13},"end":{"line":111,"column":26}},"loc":{"start":{"line":111,"column":43},"end":{"line":117,"column":5}},"line":111},"4":{"name":"urlencodedBodyLimit","decl":{"start":{"line":130,"column":9},"end":{"line":130,"column":28}},"loc":{"start":{"line":130,"column":36},"end":{"line":152,"column":1}},"line":130},"5":{"name":"urlencodedSizeGuard","decl":{"start":{"line":144,"column":13},"end":{"line":144,"column":32}},"loc":{"start":{"line":144,"column":49},"end":{"line":150,"column":5}},"line":144},"6":{"name":"payloadTooLargeHandler","decl":{"start":{"line":169,"column":9},"end":{"line":169,"column":31}},"loc":{"start":{"line":169,"column":53},"end":{"line":178,"column":1}},"line":169},"7":{"name":"invoiceBodyLimit","decl":{"start":{"line":192,"column":9},"end":{"line":192,"column":25}},"loc":{"start":{"line":192,"column":33},"end":{"line":194,"column":1}},"line":192}},"branchMap":{"0":{"loc":{"start":{"line":26,"column":14},"end":{"line":26,"column":59}},"type":"binary-expr","locations":[{"start":{"line":26,"column":14},"end":{"line":26,"column":41}},{"start":{"line":26,"column":52},"end":{"line":26,"column":59}}],"line":26},"1":{"loc":{"start":{"line":27,"column":14},"end":{"line":27,"column":58}},"type":"binary-expr","locations":[{"start":{"line":27,"column":14},"end":{"line":27,"column":47}},{"start":{"line":27,"column":52},"end":{"line":27,"column":58}}],"line":27},"2":{"loc":{"start":{"line":28,"column":14},"end":{"line":28,"column":57}},"type":"binary-expr","locations":[{"start":{"line":28,"column":14},"end":{"line":28,"column":40}},{"start":{"line":28,"column":52},"end":{"line":28,"column":57}}],"line":28},"3":{"loc":{"start":{"line":29,"column":14},"end":{"line":29,"column":59}},"type":"binary-expr","locations":[{"start":{"line":29,"column":14},"end":{"line":29,"column":44}},{"start":{"line":29,"column":52},"end":{"line":29,"column":59}}],"line":29},"4":{"loc":{"start":{"line":51,"column":2},"end":{"line":53,"column":3}},"type":"if","locations":[{"start":{"line":51,"column":2},"end":{"line":53,"column":3}},{"start":{},"end":{}}],"line":51},"5":{"loc":{"start":{"line":51,"column":6},"end":{"line":51,"column":58}},"type":"binary-expr","locations":[{"start":{"line":51,"column":6},"end":{"line":51,"column":33}},{"start":{"line":51,"column":37},"end":{"line":51,"column":58}}],"line":51},"6":{"loc":{"start":{"line":56,"column":2},"end":{"line":58,"column":3}},"type":"if","locations":[{"start":{"line":56,"column":2},"end":{"line":58,"column":3}},{"start":{},"end":{}}],"line":56},"7":{"loc":{"start":{"line":61,"column":16},"end":{"line":61,"column":31}},"type":"binary-expr","locations":[{"start":{"line":61,"column":16},"end":{"line":61,"column":24}},{"start":{"line":61,"column":28},"end":{"line":61,"column":31}}],"line":61},"8":{"loc":{"start":{"line":98,"column":24},"end":{"line":98,"column":52}},"type":"binary-expr","locations":[{"start":{"line":98,"column":24},"end":{"line":98,"column":29}},{"start":{"line":98,"column":33},"end":{"line":98,"column":52}}],"line":98},"9":{"loc":{"start":{"line":112,"column":37},"end":{"line":112,"column":73}},"type":"binary-expr","locations":[{"start":{"line":112,"column":37},"end":{"line":112,"column":66}},{"start":{"line":112,"column":70},"end":{"line":112,"column":73}}],"line":112},"10":{"loc":{"start":{"line":113,"column":6},"end":{"line":115,"column":7}},"type":"if","locations":[{"start":{"line":113,"column":6},"end":{"line":115,"column":7}},{"start":{},"end":{}}],"line":113},"11":{"loc":{"start":{"line":113,"column":10},"end":{"line":113,"column":59}},"type":"binary-expr","locations":[{"start":{"line":113,"column":10},"end":{"line":113,"column":31}},{"start":{"line":113,"column":35},"end":{"line":113,"column":59}}],"line":113},"12":{"loc":{"start":{"line":131,"column":24},"end":{"line":131,"column":58}},"type":"binary-expr","locations":[{"start":{"line":131,"column":24},"end":{"line":131,"column":29}},{"start":{"line":131,"column":33},"end":{"line":131,"column":58}}],"line":131},"13":{"loc":{"start":{"line":145,"column":37},"end":{"line":145,"column":73}},"type":"binary-expr","locations":[{"start":{"line":145,"column":37},"end":{"line":145,"column":66}},{"start":{"line":145,"column":70},"end":{"line":145,"column":73}}],"line":145},"14":{"loc":{"start":{"line":146,"column":6},"end":{"line":148,"column":7}},"type":"if","locations":[{"start":{"line":146,"column":6},"end":{"line":148,"column":7}},{"start":{},"end":{}}],"line":146},"15":{"loc":{"start":{"line":146,"column":10},"end":{"line":146,"column":59}},"type":"binary-expr","locations":[{"start":{"line":146,"column":10},"end":{"line":146,"column":31}},{"start":{"line":146,"column":35},"end":{"line":146,"column":59}}],"line":146},"16":{"loc":{"start":{"line":170,"column":2},"end":{"line":176,"column":3}},"type":"if","locations":[{"start":{"line":170,"column":2},"end":{"line":176,"column":3}},{"start":{},"end":{}}],"line":170},"17":{"loc":{"start":{"line":193,"column":23},"end":{"line":193,"column":54}},"type":"binary-expr","locations":[{"start":{"line":193,"column":23},"end":{"line":193,"column":28}},{"start":{"line":193,"column":32},"end":{"line":193,"column":54}}],"line":193}},"s":{"0":0,"1":0,"2":0,"3":0,"4":0,"5":0,"6":0,"7":0,"8":0,"9":0,"10":0,"11":0,"12":0,"13":0,"14":0,"15":0,"16":0,"17":0,"18":0,"19":0,"20":0,"21":0,"22":0,"23":0,"24":0,"25":0,"26":0,"27":0,"28":0,"29":0,"30":0},"f":{"0":0,"1":0,"2":0,"3":0,"4":0,"5":0,"6":0,"7":0},"b":{"0":[0,0],"1":[0,0],"2":[0,0],"3":[0,0],"4":[0,0],"5":[0,0],"6":[0,0],"7":[0,0],"8":[0,0],"9":[0,0],"10":[0,0],"11":[0,0],"12":[0,0],"13":[0,0],"14":[0,0],"15":[0,0],"16":[0,0],"17":[0,0]}}
,"/Users/onyemaanthony/WebstormProjects/Liquifact-backend/src/middleware/deprecation.js": {"path":"/Users/onyemaanthony/WebstormProjects/Liquifact-backend/src/middleware/deprecation.js","statementMap":{"0":{"start":{"line":9,"column":18},"end":{"line":29,"column":1}},"1":{"start":{"line":10,"column":2},"end":{"line":28,"column":4}},"2":{"start":{"line":12,"column":4},"end":{"line":12,"column":41}},"3":{"start":{"line":14,"column":4},"end":{"line":20,"column":5}},"4":{"start":{"line":15,"column":25},"end":{"line":15,"column":49}},"5":{"start":{"line":17,"column":6},"end":{"line":19,"column":7}},"6":{"start":{"line":18,"column":8},"end":{"line":18,"column":58}},"7":{"start":{"line":22,"column":4},"end":{"line":25,"column":5}},"8":{"start":{"line":24,"column":6},"end":{"line":24,"column":68}},"9":{"start":{"line":27,"column":4},"end":{"line":27,"column":11}},"10":{"start":{"line":31,"column":0},"end":{"line":31,"column":31}}},"fnMap":{"0":{"name":"(anonymous_0)","decl":{"start":{"line":9,"column":18},"end":{"line":9,"column":19}},"loc":{"start":{"line":9,"column":36},"end":{"line":29,"column":1}},"line":9},"1":{"name":"(anonymous_1)","decl":{"start":{"line":10,"column":9},"end":{"line":10,"column":10}},"loc":{"start":{"line":10,"column":29},"end":{"line":28,"column":3}},"line":10}},"branchMap":{"0":{"loc":{"start":{"line":9,"column":19},"end":{"line":9,"column":31}},"type":"default-arg","locations":[{"start":{"line":9,"column":29},"end":{"line":9,"column":31}}],"line":9},"1":{"loc":{"start":{"line":14,"column":4},"end":{"line":20,"column":5}},"type":"if","locations":[{"start":{"line":14,"column":4},"end":{"line":20,"column":5}},{"start":{},"end":{}}],"line":14},"2":{"loc":{"start":{"line":17,"column":6},"end":{"line":19,"column":7}},"type":"if","locations":[{"start":{"line":17,"column":6},"end":{"line":19,"column":7}},{"start":{},"end":{}}],"line":17},"3":{"loc":{"start":{"line":22,"column":4},"end":{"line":25,"column":5}},"type":"if","locations":[{"start":{"line":22,"column":4},"end":{"line":25,"column":5}},{"start":{},"end":{}}],"line":22}},"s":{"0":1,"1":1,"2":3,"3":3,"4":3,"5":3,"6":3,"7":3,"8":3,"9":3,"10":1},"f":{"0":1,"1":3},"b":{"0":[0],"1":[3,0],"2":[3,0],"3":[3,0]},"_coverageSchema":"1a1c01bbd47fc00a2c39e90264f33305004495a9","hash":"daf456b8fe655f7b9965e8b938a29249c8e8b700"}
,"/Users/onyemaanthony/WebstormProjects/Liquifact-backend/src/middleware/errorHandler.js": {"path":"/Users/onyemaanthony/WebstormProjects/Liquifact-backend/src/middleware/errorHandler.js","statementMap":{"0":{"start":{"line":1,"column":17},"end":{"line":1,"column":46}},"1":{"start":{"line":2,"column":29},"end":{"line":2,"column":63}},"2":{"start":{"line":16,"column":2},"end":{"line":36,"column":3}},"3":{"start":{"line":17,"column":4},"end":{"line":24,"column":7}},"4":{"start":{"line":27,"column":4},"end":{"line":27,"column":43}},"5":{"start":{"line":28,"column":4},"end":{"line":35,"column":7}},"6":{"start":{"line":39,"column":2},"end":{"line":39,"column":57}},"7":{"start":{"line":40,"column":2},"end":{"line":40,"column":43}},"8":{"start":{"line":43,"column":0},"end":{"line":43,"column":30}}},"fnMap":{"0":{"name":"errorHandler","decl":{"start":{"line":12,"column":9},"end":{"line":12,"column":21}},"loc":{"start":{"line":12,"column":44},"end":{"line":41,"column":1}},"line":12}},"branchMap":{"0":{"loc":{"start":{"line":16,"column":2},"end":{"line":36,"column":3}},"type":"if","locations":[{"start":{"line":16,"column":2},"end":{"line":36,"column":3}},{"start":{"line":25,"column":9},"end":{"line":36,"column":3}}],"line":16},"1":{"loc":{"start":{"line":22,"column":16},"end":{"line":22,"column":47}},"type":"binary-expr","locations":[{"start":{"line":22,"column":16},"end":{"line":22,"column":28}},{"start":{"line":22,"column":32},"end":{"line":22,"column":47}}],"line":22}},"s":{"0":3,"1":3,"2":8,"3":1,"4":7,"5":7,"6":8,"7":8,"8":3},"f":{"0":8},"b":{"0":[1,7],"1":[1,1]},"_coverageSchema":"1a1c01bbd47fc00a2c39e90264f33305004495a9","hash":"19a08e8e8ae502e695bf4f5f7b7bffd89b49512e"}
,"/Users/onyemaanthony/WebstormProjects/Liquifact-backend/src/middleware/rateLimit.js": {"path":"/Users/onyemaanthony/WebstormProjects/Liquifact-backend/src/middleware/rateLimit.js","statementMap":{"0":{"start":{"line":6,"column":38},"end":{"line":6,"column":67}},"1":{"start":{"line":12,"column":22},"end":{"line":29,"column":2}},"2":{"start":{"line":27,"column":4},"end":{"line":27,"column":69}},"3":{"start":{"line":35,"column":25},"end":{"line":51,"column":2}},"4":{"start":{"line":49,"column":4},"end":{"line":49,"column":69}},"5":{"start":{"line":53,"column":0},"end":{"line":56,"column":2}}},"fnMap":{"0":{"name":"(anonymous_0)","decl":{"start":{"line":25,"column":16},"end":{"line":25,"column":17}},"loc":{"start":{"line":25,"column":25},"end":{"line":28,"column":3}},"line":25},"1":{"name":"(anonymous_1)","decl":{"start":{"line":48,"column":16},"end":{"line":48,"column":17}},"loc":{"start":{"line":48,"column":25},"end":{"line":50,"column":3}},"line":48}},"branchMap":{"0":{"loc":{"start":{"line":27,"column":11},"end":{"line":27,"column":68}},"type":"cond-expr","locations":[{"start":{"line":27,"column":22},"end":{"line":27,"column":43}},{"start":{"line":27,"column":46},"end":{"line":27,"column":68}}],"line":27},"1":{"loc":{"start":{"line":49,"column":11},"end":{"line":49,"column":68}},"type":"cond-expr","locations":[{"start":{"line":49,"column":22},"end":{"line":49,"column":43}},{"start":{"line":49,"column":46},"end":{"line":49,"column":68}}],"line":49}},"s":{"0":0,"1":0,"2":0,"3":0,"4":0,"5":0},"f":{"0":0,"1":0},"b":{"0":[0,0],"1":[0,0]}}
,"/Users/onyemaanthony/WebstormProjects/Liquifact-backend/src/middleware/security.js": {"path":"/Users/onyemaanthony/WebstormProjects/Liquifact-backend/src/middleware/security.js","statementMap":{"0":{"start":{"line":22,"column":15},"end":{"line":22,"column":32}},"1":{"start":{"line":38,"column":2},"end":{"line":134,"column":5}},"2":{"start":{"line":137,"column":0},"end":{"line":137,"column":46}}},"fnMap":{"0":{"name":"createSecurityMiddleware","decl":{"start":{"line":37,"column":9},"end":{"line":37,"column":33}},"loc":{"start":{"line":37,"column":36},"end":{"line":135,"column":1}},"line":37}},"branchMap":{},"s":{"0":0,"1":0,"2":0},"f":{"0":0},"b":{}}
,"/Users/onyemaanthony/WebstormProjects/Liquifact-backend/src/services/invoice.service.js": {"path":"/Users/onyemaanthony/WebstormProjects/Liquifact-backend/src/services/invoice.service.js","statementMap":{"0":{"start":{"line":1,"column":11},"end":{"line":1,"column":32}},"1":{"start":{"line":2,"column":30},"end":{"line":2,"column":62}},"2":{"start":{"line":11,"column":29},"end":{"line":20,"column":1}},"3":{"start":{"line":32,"column":2},"end":{"line":46,"column":3}},"4":{"start":{"line":33,"column":16},"end":{"line":33,"column":42}},"5":{"start":{"line":36,"column":4},"end":{"line":36,"column":72}},"6":{"start":{"line":42,"column":4},"end":{"line":42,"column":23}},"7":{"start":{"line":44,"column":4},"end":{"line":44,"column":53}},"8":{"start":{"line":45,"column":4},"end":{"line":45,"column":62}},"9":{"start":{"line":49,"column":0},"end":{"line":52,"column":2}}},"fnMap":{"0":{"name":"getInvoices","decl":{"start":{"line":31,"column":15},"end":{"line":31,"column":26}},"loc":{"start":{"line":31,"column":40},"end":{"line":47,"column":1}},"line":31}},"branchMap":{},"s":{"0":1,"1":1,"2":1,"3":2,"4":2,"5":2,"6":2,"7":1,"8":1,"9":1},"f":{"0":2},"b":{},"_coverageSchema":"1a1c01bbd47fc00a2c39e90264f33305004495a9","hash":"d706a336cba0ab148c67334eb6f143f35ad1ec95"}
,"/Users/onyemaanthony/WebstormProjects/Liquifact-backend/src/services/soroban.js": {"path":"/Users/onyemaanthony/WebstormProjects/Liquifact-backend/src/services/soroban.js","statementMap":{"0":{"start":{"line":13,"column":27},"end":{"line":13,"column":61}},"1":{"start":{"line":18,"column":30},"end":{"line":21,"column":2}},"2":{"start":{"line":31,"column":29},"end":{"line":35,"column":1}},"3":{"start":{"line":42,"column":31},"end":{"line":42,"column":60}},"4":{"start":{"line":51,"column":2},"end":{"line":51,"column":59}},"5":{"start":{"line":51,"column":34},"end":{"line":51,"column":57}},"6":{"start":{"line":65,"column":18},"end":{"line":65,"column":44}},"7":{"start":{"line":66,"column":19},"end":{"line":66,"column":46}},"8":{"start":{"line":67,"column":14},"end":{"line":67,"column":37}},"9":{"start":{"line":68,"column":17},"end":{"line":68,"column":52}},"10":{"start":{"line":69,"column":2},"end":{"line":69,"column":66}},"11":{"start":{"line":80,"column":2},"end":{"line":80,"column":25}},"12":{"start":{"line":80,"column":12},"end":{"line":80,"column":25}},"13":{"start":{"line":81,"column":2},"end":{"line":81,"column":73}},"14":{"start":{"line":81,"column":61},"end":{"line":81,"column":73}},"15":{"start":{"line":82,"column":2},"end":{"line":82,"column":80}},"16":{"start":{"line":82,"column":68},"end":{"line":82,"column":80}},"17":{"start":{"line":83,"column":2},"end":{"line":83,"column":83}},"18":{"start":{"line":83,"column":71},"end":{"line":83,"column":83}},"19":{"start":{"line":84,"column":2},"end":{"line":84,"column":15}},"20":{"start":{"line":110,"column":14},"end":{"line":110,"column":61}},"21":{"start":{"line":111,"column":21},"end":{"line":111,"column":49}},"22":{"start":{"line":114,"column":2},"end":{"line":125,"column":3}},"23":{"start":{"line":114,"column":21},"end":{"line":114,"column":22}},"24":{"start":{"line":115,"column":4},"end":{"line":124,"column":5}},"25":{"start":{"line":116,"column":6},"end":{"line":116,"column":31}},"26":{"start":{"line":118,"column":6},"end":{"line":118,"column":20}},"27":{"start":{"line":119,"column":21},"end":{"line":119,"column":43}},"28":{"start":{"line":120,"column":6},"end":{"line":120,"column":49}},"29":{"start":{"line":120,"column":39},"end":{"line":120,"column":49}},"30":{"start":{"line":122,"column":20},"end":{"line":122,"column":72}},"31":{"start":{"line":123,"column":6},"end":{"line":123,"column":25}},"32":{"start":{"line":128,"column":2},"end":{"line":128,"column":16}},"33":{"start":{"line":147,"column":2},"end":{"line":147,"column":89}},"34":{"start":{"line":147,"column":45},"end":{"line":147,"column":87}},"35":{"start":{"line":150,"column":0},"end":{"line":157,"column":2}}},"fnMap":{"0":{"name":"sleep","decl":{"start":{"line":50,"column":9},"end":{"line":50,"column":14}},"loc":{"start":{"line":50,"column":19},"end":{"line":52,"column":1}},"line":50},"1":{"name":"(anonymous_1)","decl":{"start":{"line":51,"column":21},"end":{"line":51,"column":22}},"loc":{"start":{"line":51,"column":34},"end":{"line":51,"column":57}},"line":51},"2":{"name":"computeBackoff","decl":{"start":{"line":64,"column":9},"end":{"line":64,"column":23}},"loc":{"start":{"line":64,"column":54},"end":{"line":70,"column":1}},"line":64},"3":{"name":"isRetryable","decl":{"start":{"line":79,"column":9},"end":{"line":79,"column":20}},"loc":{"start":{"line":79,"column":26},"end":{"line":85,"column":1}},"line":79},"4":{"name":"withRetry","decl":{"start":{"line":109,"column":15},"end":{"line":109,"column":24}},"loc":{"start":{"line":109,"column":44},"end":{"line":129,"column":1}},"line":109},"5":{"name":"callSorobanContract","decl":{"start":{"line":146,"column":15},"end":{"line":146,"column":34}},"loc":{"start":{"line":146,"column":46},"end":{"line":148,"column":1}},"line":146},"6":{"name":"(anonymous_6)","decl":{"start":{"line":147,"column":39},"end":{"line":147,"column":40}},"loc":{"start":{"line":147,"column":45},"end":{"line":147,"column":87}},"line":147}},"branchMap":{"0":{"loc":{"start":{"line":32,"column":23},"end":{"line":32,"column":61}},"type":"binary-expr","locations":[{"start":{"line":32,"column":23},"end":{"line":32,"column":54}},{"start":{"line":32,"column":58},"end":{"line":32,"column":61}}],"line":32},"1":{"loc":{"start":{"line":33,"column":22},"end":{"line":33,"column":61}},"type":"binary-expr","locations":[{"start":{"line":33,"column":22},"end":{"line":33,"column":52}},{"start":{"line":33,"column":56},"end":{"line":33,"column":61}}],"line":33},"2":{"loc":{"start":{"line":34,"column":21},"end":{"line":34,"column":60}},"type":"binary-expr","locations":[{"start":{"line":34,"column":21},"end":{"line":34,"column":50}},{"start":{"line":34,"column":54},"end":{"line":34,"column":60}}],"line":34},"3":{"loc":{"start":{"line":80,"column":2},"end":{"line":80,"column":25}},"type":"if","locations":[{"start":{"line":80,"column":2},"end":{"line":80,"column":25}},{"start":{},"end":{}}],"line":80},"4":{"loc":{"start":{"line":81,"column":2},"end":{"line":81,"column":73}},"type":"if","locations":[{"start":{"line":81,"column":2},"end":{"line":81,"column":73}},{"start":{},"end":{}}],"line":81},"5":{"loc":{"start":{"line":81,"column":6},"end":{"line":81,"column":59}},"type":"binary-expr","locations":[{"start":{"line":81,"column":6},"end":{"line":81,"column":31}},{"start":{"line":81,"column":35},"end":{"line":81,"column":59}}],"line":81},"6":{"loc":{"start":{"line":82,"column":2},"end":{"line":82,"column":80}},"type":"if","locations":[{"start":{"line":82,"column":2},"end":{"line":82,"column":80}},{"start":{},"end":{}}],"line":82},"7":{"loc":{"start":{"line":82,"column":6},"end":{"line":82,"column":66}},"type":"binary-expr","locations":[{"start":{"line":82,"column":6},"end":{"line":82,"column":24}},{"start":{"line":82,"column":28},"end":{"line":82,"column":66}}],"line":82},"8":{"loc":{"start":{"line":83,"column":2},"end":{"line":83,"column":83}},"type":"if","locations":[{"start":{"line":83,"column":2},"end":{"line":83,"column":83}},{"start":{},"end":{}}],"line":83},"9":{"loc":{"start":{"line":83,"column":6},"end":{"line":83,"column":69}},"type":"binary-expr","locations":[{"start":{"line":83,"column":6},"end":{"line":83,"column":18}},{"start":{"line":83,"column":22},"end":{"line":83,"column":69}}],"line":83},"10":{"loc":{"start":{"line":120,"column":6},"end":{"line":120,"column":49}},"type":"if","locations":[{"start":{"line":120,"column":6},"end":{"line":120,"column":49}},{"start":{},"end":{}}],"line":120},"11":{"loc":{"start":{"line":120,"column":10},"end":{"line":120,"column":37}},"type":"binary-expr","locations":[{"start":{"line":120,"column":10},"end":{"line":120,"column":16}},{"start":{"line":120,"column":20},"end":{"line":120,"column":37}}],"line":120}},"s":{"0":1,"1":1,"2":1,"3":1,"4":1,"5":1,"6":1,"7":1,"8":1,"9":1,"10":1,"11":2,"12":0,"13":2,"14":1,"15":1,"16":0,"17":1,"18":0,"19":1,"20":3,"21":3,"22":3,"23":3,"24":4,"25":4,"26":2,"27":2,"28":2,"29":1,"30":1,"31":1,"32":0,"33":3,"34":3,"35":1},"f":{"0":1,"1":1,"2":1,"3":2,"4":3,"5":3,"6":3},"b":{"0":[1,1],"1":[1,1],"2":[1,1],"3":[0,2],"4":[1,1],"5":[2,2],"6":[0,1],"7":[1,0],"8":[0,1],"9":[1,0],"10":[1,1],"11":[2,2]},"_coverageSchema":"1a1c01bbd47fc00a2c39e90264f33305004495a9","hash":"3004188705e4d833e2fa2efc17d047d9340b4660"}
,"/Users/onyemaanthony/WebstormProjects/Liquifact-backend/src/utils/asyncHandler.js": {"path":"/Users/onyemaanthony/WebstormProjects/Liquifact-backend/src/utils/asyncHandler.js","statementMap":{"0":{"start":{"line":8,"column":21},"end":{"line":12,"column":1}},"1":{"start":{"line":9,"column":2},"end":{"line":11,"column":4}},"2":{"start":{"line":10,"column":4},"end":{"line":10,"column":52}},"3":{"start":{"line":14,"column":0},"end":{"line":14,"column":30}}},"fnMap":{"0":{"name":"(anonymous_0)","decl":{"start":{"line":8,"column":21},"end":{"line":8,"column":22}},"loc":{"start":{"line":8,"column":29},"end":{"line":12,"column":1}},"line":8},"1":{"name":"(anonymous_1)","decl":{"start":{"line":9,"column":9},"end":{"line":9,"column":10}},"loc":{"start":{"line":9,"column":35},"end":{"line":11,"column":3}},"line":9}},"branchMap":{},"s":{"0":2,"1":5,"2":5,"3":2},"f":{"0":5,"1":5},"b":{},"_coverageSchema":"1a1c01bbd47fc00a2c39e90264f33305004495a9","hash":"ed0f189f8f3eca5f96755d0dbc02677a99b955ed"}
,"/Users/onyemaanthony/WebstormProjects/Liquifact-backend/src/utils/circuitBreaker.js": {"path":"/Users/onyemaanthony/WebstormProjects/Liquifact-backend/src/utils/circuitBreaker.js","statementMap":{"0":{"start":{"line":12,"column":28},"end":{"line":16,"column":1}},"1":{"start":{"line":32,"column":4},"end":{"line":32,"column":58}},"2":{"start":{"line":33,"column":4},"end":{"line":33,"column":60}},"3":{"start":{"line":34,"column":4},"end":{"line":34,"column":55}},"4":{"start":{"line":36,"column":4},"end":{"line":36,"column":44}},"5":{"start":{"line":37,"column":4},"end":{"line":37,"column":26}},"6":{"start":{"line":38,"column":4},"end":{"line":38,"column":38}},"7":{"start":{"line":48,"column":4},"end":{"line":59,"column":5}},"8":{"start":{"line":49,"column":6},"end":{"line":58,"column":7}},"9":{"start":{"line":51,"column":8},"end":{"line":51,"column":51}},"10":{"start":{"line":54,"column":8},"end":{"line":56,"column":9}},"11":{"start":{"line":55,"column":10},"end":{"line":55,"column":38}},"12":{"start":{"line":57,"column":8},"end":{"line":57,"column":75}},"13":{"start":{"line":61,"column":4},"end":{"line":66,"column":5}},"14":{"start":{"line":62,"column":23},"end":{"line":62,"column":40}},"15":{"start":{"line":63,"column":6},"end":{"line":63,"column":38}},"16":{"start":{"line":65,"column":6},"end":{"line":65,"column":35}},"17":{"start":{"line":76,"column":4},"end":{"line":76,"column":26}},"18":{"start":{"line":77,"column":4},"end":{"line":79,"column":5}},"19":{"start":{"line":78,"column":6},"end":{"line":78,"column":46}},"20":{"start":{"line":80,"column":4},"end":{"line":80,"column":20}},"21":{"start":{"line":91,"column":4},"end":{"line":91,"column":27}},"22":{"start":{"line":93,"column":4},"end":{"line":96,"column":5}},"23":{"start":{"line":94,"column":6},"end":{"line":94,"column":44}},"24":{"start":{"line":95,"column":6},"end":{"line":95,"column":63}},"25":{"start":{"line":98,"column":4},"end":{"line":100,"column":5}},"26":{"start":{"line":99,"column":6},"end":{"line":99,"column":39}},"27":{"start":{"line":102,"column":4},"end":{"line":102,"column":16}},"28":{"start":{"line":106,"column":0},"end":{"line":109,"column":2}}},"fnMap":{"0":{"name":"(anonymous_0)","decl":{"start":{"line":31,"column":2},"end":{"line":31,"column":3}},"loc":{"start":{"line":31,"column":28},"end":{"line":39,"column":3}},"line":31},"1":{"name":"(anonymous_1)","decl":{"start":{"line":47,"column":2},"end":{"line":47,"column":3}},"loc":{"start":{"line":47,"column":27},"end":{"line":67,"column":3}},"line":47},"2":{"name":"(anonymous_2)","decl":{"start":{"line":75,"column":2},"end":{"line":75,"column":3}},"loc":{"start":{"line":75,"column":22},"end":{"line":81,"column":3}},"line":75},"3":{"name":"(anonymous_3)","decl":{"start":{"line":90,"column":2},"end":{"line":90,"column":3}},"loc":{"start":{"line":90,"column":19},"end":{"line":103,"column":3}},"line":90}},"branchMap":{"0":{"loc":{"start":{"line":31,"column":14},"end":{"line":31,"column":26}},"type":"default-arg","locations":[{"start":{"line":31,"column":24},"end":{"line":31,"column":26}}],"line":31},"1":{"loc":{"start":{"line":32,"column":28},"end":{"line":32,"column":57}},"type":"binary-expr","locations":[{"start":{"line":32,"column":28},"end":{"line":32,"column":52}},{"start":{"line":32,"column":56},"end":{"line":32,"column":57}}],"line":32},"2":{"loc":{"start":{"line":33,"column":27},"end":{"line":33,"column":59}},"type":"binary-expr","locations":[{"start":{"line":33,"column":27},"end":{"line":33,"column":50}},{"start":{"line":33,"column":54},"end":{"line":33,"column":59}}],"line":33},"3":{"loc":{"start":{"line":34,"column":25},"end":{"line":34,"column":54}},"type":"binary-expr","locations":[{"start":{"line":34,"column":25},"end":{"line":34,"column":46}},{"start":{"line":34,"column":50},"end":{"line":34,"column":54}}],"line":34},"4":{"loc":{"start":{"line":48,"column":4},"end":{"line":59,"column":5}},"type":"if","locations":[{"start":{"line":48,"column":4},"end":{"line":59,"column":5}},{"start":{},"end":{}}],"line":48},"5":{"loc":{"start":{"line":49,"column":6},"end":{"line":58,"column":7}},"type":"if","locations":[{"start":{"line":49,"column":6},"end":{"line":58,"column":7}},{"start":{"line":52,"column":13},"end":{"line":58,"column":7}}],"line":49},"6":{"loc":{"start":{"line":54,"column":8},"end":{"line":56,"column":9}},"type":"if","locations":[{"start":{"line":54,"column":8},"end":{"line":56,"column":9}},{"start":{},"end":{}}],"line":54},"7":{"loc":{"start":{"line":77,"column":4},"end":{"line":79,"column":5}},"type":"if","locations":[{"start":{"line":77,"column":4},"end":{"line":79,"column":5}},{"start":{},"end":{}}],"line":77},"8":{"loc":{"start":{"line":93,"column":4},"end":{"line":96,"column":5}},"type":"if","locations":[{"start":{"line":93,"column":4},"end":{"line":96,"column":5}},{"start":{},"end":{}}],"line":93},"9":{"loc":{"start":{"line":93,"column":8},"end":{"line":93,"column":98}},"type":"binary-expr","locations":[{"start":{"line":93,"column":8},"end":{"line":93,"column":52}},{"start":{"line":93,"column":56},"end":{"line":93,"column":98}}],"line":93},"10":{"loc":{"start":{"line":98,"column":4},"end":{"line":100,"column":5}},"type":"if","locations":[{"start":{"line":98,"column":4},"end":{"line":100,"column":5}},{"start":{},"end":{}}],"line":98},"11":{"loc":{"start":{"line":98,"column":8},"end":{"line":98,"column":69}},"type":"binary-expr","locations":[{"start":{"line":98,"column":8},"end":{"line":98,"column":47}},{"start":{"line":98,"column":51},"end":{"line":98,"column":69}}],"line":98}},"s":{"0":2,"1":8,"2":8,"3":8,"4":8,"5":8,"6":8,"7":12,"8":4,"9":2,"10":2,"11":1,"12":1,"13":10,"14":10,"15":4,"16":6,"17":4,"18":4,"19":1,"20":4,"21":6,"22":6,"23":3,"24":3,"25":6,"26":1,"27":5,"28":2},"f":{"0":8,"1":12,"2":4,"3":6},"b":{"0":[0],"1":[8,0],"2":[8,0],"3":[8,7],"4":[4,8],"5":[2,2],"6":[1,1],"7":[1,3],"8":[3,3],"9":[6,5],"10":[1,5],"11":[6,3]},"_coverageSchema":"1a1c01bbd47fc00a2c39e90264f33305004495a9","hash":"929a62b045370d529f189cc0d419d6e29212f4e6"}
,"/Users/onyemaanthony/WebstormProjects/Liquifact-backend/src/utils/problemDetails.js": {"path":"/Users/onyemaanthony/WebstormProjects/Liquifact-backend/src/utils/problemDetails.js","statementMap":{"0":{"start":{"line":14,"column":18},"end":{"line":20,"column":3}},"1":{"start":{"line":23,"column":2},"end":{"line":25,"column":3}},"2":{"start":{"line":24,"column":4},"end":{"line":24,"column":26}},"3":{"start":{"line":27,"column":2},"end":{"line":27,"column":17}},"4":{"start":{"line":30,"column":0},"end":{"line":30,"column":38}}},"fnMap":{"0":{"name":"formatProblemDetails","decl":{"start":{"line":5,"column":9},"end":{"line":5,"column":29}},"loc":{"start":{"line":13,"column":3},"end":{"line":28,"column":1}},"line":13}},"branchMap":{"0":{"loc":{"start":{"line":6,"column":2},"end":{"line":6,"column":22}},"type":"default-arg","locations":[{"start":{"line":6,"column":9},"end":{"line":6,"column":22}}],"line":6},"1":{"loc":{"start":{"line":7,"column":2},"end":{"line":7,"column":40}},"type":"default-arg","locations":[{"start":{"line":7,"column":10},"end":{"line":7,"column":40}}],"line":7},"2":{"loc":{"start":{"line":8,"column":2},"end":{"line":8,"column":14}},"type":"default-arg","locations":[{"start":{"line":8,"column":11},"end":{"line":8,"column":14}}],"line":8},"3":{"loc":{"start":{"line":12,"column":2},"end":{"line":12,"column":54}},"type":"default-arg","locations":[{"start":{"line":12,"column":17},"end":{"line":12,"column":54}}],"line":12},"4":{"loc":{"start":{"line":23,"column":2},"end":{"line":25,"column":3}},"type":"if","locations":[{"start":{"line":23,"column":2},"end":{"line":25,"column":3}},{"start":{},"end":{}}],"line":23},"5":{"loc":{"start":{"line":23,"column":6},"end":{"line":23,"column":28}},"type":"binary-expr","locations":[{"start":{"line":23,"column":6},"end":{"line":23,"column":19}},{"start":{"line":23,"column":23},"end":{"line":23,"column":28}}],"line":23}},"s":{"0":11,"1":11,"2":8,"3":11,"4":4},"f":{"0":11},"b":{"0":[1],"1":[1],"2":[1],"3":[9],"4":[8,3],"5":[11,9]},"_coverageSchema":"1a1c01bbd47fc00a2c39e90264f33305004495a9","hash":"4d46919ec69e87aced31b862b2effe600c70ffe8"}
,"/Users/onyemaanthony/WebstormProjects/Liquifact-backend/src/utils/queryBuilder.js": {"path":"/Users/onyemaanthony/WebstormProjects/Liquifact-backend/src/utils/queryBuilder.js","statementMap":{"0":{"start":{"line":23,"column":41},"end":{"line":23,"column":48}},"1":{"start":{"line":24,"column":74},"end":{"line":24,"column":80}},"2":{"start":{"line":27,"column":2},"end":{"line":44,"column":5}},"3":{"start":{"line":28,"column":18},"end":{"line":28,"column":30}},"4":{"start":{"line":29,"column":4},"end":{"line":29,"column":70}},"5":{"start":{"line":29,"column":63},"end":{"line":29,"column":70}},"6":{"start":{"line":31,"column":4},"end":{"line":43,"column":5}},"7":{"start":{"line":32,"column":21},"end":{"line":32,"column":42}},"8":{"start":{"line":35,"column":6},"end":{"line":42,"column":7}},"9":{"start":{"line":36,"column":8},"end":{"line":36,"column":41}},"10":{"start":{"line":37,"column":13},"end":{"line":42,"column":7}},"11":{"start":{"line":38,"column":8},"end":{"line":38,"column":41}},"12":{"start":{"line":41,"column":8},"end":{"line":41,"column":35}},"13":{"start":{"line":47,"column":37},"end":{"line":47,"column":44}},"14":{"start":{"line":48,"column":2},"end":{"line":57,"column":3}},"15":{"start":{"line":49,"column":19},"end":{"line":49,"column":46}},"16":{"start":{"line":50,"column":22},"end":{"line":50,"column":98}},"17":{"start":{"line":51,"column":4},"end":{"line":51,"column":37}},"18":{"start":{"line":52,"column":9},"end":{"line":57,"column":3}},"19":{"start":{"line":54,"column":24},"end":{"line":54,"column":44}},"20":{"start":{"line":55,"column":19},"end":{"line":55,"column":56}},"21":{"start":{"line":56,"column":4},"end":{"line":56,"column":34}},"22":{"start":{"line":59,"column":2},"end":{"line":59,"column":15}},"23":{"start":{"line":62,"column":0},"end":{"line":64,"column":2}}},"fnMap":{"0":{"name":"applyQueryOptions","decl":{"start":{"line":22,"column":9},"end":{"line":22,"column":26}},"loc":{"start":{"line":22,"column":61},"end":{"line":60,"column":1}},"line":22},"1":{"name":"(anonymous_1)","decl":{"start":{"line":27,"column":31},"end":{"line":27,"column":32}},"loc":{"start":{"line":27,"column":40},"end":{"line":44,"column":3}},"line":27}},"branchMap":{"0":{"loc":{"start":{"line":22,"column":34},"end":{"line":22,"column":46}},"type":"default-arg","locations":[{"start":{"line":22,"column":44},"end":{"line":22,"column":46}}],"line":22},"1":{"loc":{"start":{"line":22,"column":48},"end":{"line":22,"column":59}},"type":"default-arg","locations":[{"start":{"line":22,"column":57},"end":{"line":22,"column":59}}],"line":22},"2":{"loc":{"start":{"line":23,"column":10},"end":{"line":23,"column":22}},"type":"default-arg","locations":[{"start":{"line":23,"column":20},"end":{"line":23,"column":22}}],"line":23},"3":{"loc":{"start":{"line":23,"column":24},"end":{"line":23,"column":36}},"type":"default-arg","locations":[{"start":{"line":23,"column":34},"end":{"line":23,"column":36}}],"line":23},"4":{"loc":{"start":{"line":24,"column":10},"end":{"line":24,"column":29}},"type":"default-arg","locations":[{"start":{"line":24,"column":27},"end":{"line":24,"column":29}}],"line":24},"5":{"loc":{"start":{"line":24,"column":31},"end":{"line":24,"column":53}},"type":"default-arg","locations":[{"start":{"line":24,"column":51},"end":{"line":24,"column":53}}],"line":24},"6":{"loc":{"start":{"line":24,"column":55},"end":{"line":24,"column":69}},"type":"default-arg","locations":[{"start":{"line":24,"column":67},"end":{"line":24,"column":69}}],"line":24},"7":{"loc":{"start":{"line":29,"column":4},"end":{"line":29,"column":70}},"type":"if","locations":[{"start":{"line":29,"column":4},"end":{"line":29,"column":70}},{"start":{},"end":{}}],"line":29},"8":{"loc":{"start":{"line":29,"column":8},"end":{"line":29,"column":61}},"type":"binary-expr","locations":[{"start":{"line":29,"column":8},"end":{"line":29,"column":27}},{"start":{"line":29,"column":31},"end":{"line":29,"column":45}},{"start":{"line":29,"column":49},"end":{"line":29,"column":61}}],"line":29},"9":{"loc":{"start":{"line":31,"column":4},"end":{"line":43,"column":5}},"type":"if","locations":[{"start":{"line":31,"column":4},"end":{"line":43,"column":5}},{"start":{},"end":{}}],"line":31},"10":{"loc":{"start":{"line":32,"column":21},"end":{"line":32,"column":42}},"type":"binary-expr","locations":[{"start":{"line":32,"column":21},"end":{"line":32,"column":35}},{"start":{"line":32,"column":39},"end":{"line":32,"column":42}}],"line":32},"11":{"loc":{"start":{"line":35,"column":6},"end":{"line":42,"column":7}},"type":"if","locations":[{"start":{"line":35,"column":6},"end":{"line":42,"column":7}},{"start":{"line":37,"column":13},"end":{"line":42,"column":7}}],"line":35},"12":{"loc":{"start":{"line":37,"column":13},"end":{"line":42,"column":7}},"type":"if","locations":[{"start":{"line":37,"column":13},"end":{"line":42,"column":7}},{"start":{"line":39,"column":13},"end":{"line":42,"column":7}}],"line":37},"13":{"loc":{"start":{"line":47,"column":18},"end":{"line":47,"column":32}},"type":"default-arg","locations":[{"start":{"line":47,"column":26},"end":{"line":47,"column":32}}],"line":47},"14":{"loc":{"start":{"line":48,"column":2},"end":{"line":57,"column":3}},"type":"if","locations":[{"start":{"line":48,"column":2},"end":{"line":57,"column":3}},{"start":{"line":52,"column":9},"end":{"line":57,"column":3}}],"line":48},"15":{"loc":{"start":{"line":48,"column":6},"end":{"line":48,"column":50}},"type":"binary-expr","locations":[{"start":{"line":48,"column":6},"end":{"line":48,"column":12}},{"start":{"line":48,"column":16},"end":{"line":48,"column":50}}],"line":48},"16":{"loc":{"start":{"line":49,"column":19},"end":{"line":49,"column":46}},"type":"binary-expr","locations":[{"start":{"line":49,"column":19},"end":{"line":49,"column":36}},{"start":{"line":49,"column":40},"end":{"line":49,"column":46}}],"line":49},"17":{"loc":{"start":{"line":50,"column":22},"end":{"line":50,"column":98}},"type":"cond-expr","locations":[{"start":{"line":50,"column":70},"end":{"line":50,"column":89}},{"start":{"line":50,"column":92},"end":{"line":50,"column":98}}],"line":50},"18":{"loc":{"start":{"line":52,"column":9},"end":{"line":57,"column":3}},"type":"if","locations":[{"start":{"line":52,"column":9},"end":{"line":57,"column":3}},{"start":{},"end":{}}],"line":52},"19":{"loc":{"start":{"line":55,"column":19},"end":{"line":55,"column":56}},"type":"binary-expr","locations":[{"start":{"line":55,"column":19},"end":{"line":55,"column":41}},{"start":{"line":55,"column":45},"end":{"line":55,"column":56}}],"line":55}},"s":{"0":13,"1":13,"2":13,"3":11,"4":11,"5":3,"6":8,"7":7,"8":7,"9":1,"10":6,"11":1,"12":5,"13":13,"14":13,"15":5,"16":5,"17":5,"18":8,"19":7,"20":7,"21":7,"22":13,"23":2},"f":{"0":13,"1":11},"b":{"0":[0],"1":[0],"2":[7],"3":[7],"4":[0],"5":[0],"6":[1],"7":[3,8],"8":[11,10,9],"9":[7,1],"10":[7,4],"11":[1,6],"12":[1,5],"13":[9],"14":[5,8],"15":[13,6],"16":[5,5],"17":[4,1],"18":[7,1],"19":[7,7]},"_coverageSchema":"1a1c01bbd47fc00a2c39e90264f33305004495a9","hash":"00115ccd850cedb6deacf299cf461ae9c40e04d1"}
,"/Users/onyemaanthony/WebstormProjects/Liquifact-backend/src/utils/responseHelper.js": {"path":"/Users/onyemaanthony/WebstormProjects/Liquifact-backend/src/utils/responseHelper.js","statementMap":{"0":{"start":{"line":6,"column":20},"end":{"line":6,"column":27}},"1":{"start":{"line":15,"column":16},"end":{"line":23,"column":2}},"2":{"start":{"line":15,"column":38},"end":{"line":23,"column":1}},"3":{"start":{"line":33,"column":14},"end":{"line":44,"column":2}},"4":{"start":{"line":33,"column":69},"end":{"line":44,"column":1}},"5":{"start":{"line":46,"column":0},"end":{"line":49,"column":2}}},"fnMap":{"0":{"name":"(anonymous_0)","decl":{"start":{"line":15,"column":16},"end":{"line":15,"column":17}},"loc":{"start":{"line":15,"column":38},"end":{"line":23,"column":1}},"line":15},"1":{"name":"(anonymous_1)","decl":{"start":{"line":33,"column":14},"end":{"line":33,"column":15}},"loc":{"start":{"line":33,"column":69},"end":{"line":44,"column":1}},"line":33}},"branchMap":{"0":{"loc":{"start":{"line":15,"column":23},"end":{"line":15,"column":32}},"type":"default-arg","locations":[{"start":{"line":15,"column":30},"end":{"line":15,"column":32}}],"line":15},"1":{"loc":{"start":{"line":33,"column":24},"end":{"line":33,"column":47}},"type":"default-arg","locations":[{"start":{"line":33,"column":31},"end":{"line":33,"column":47}}],"line":33},"2":{"loc":{"start":{"line":33,"column":49},"end":{"line":33,"column":63}},"type":"default-arg","locations":[{"start":{"line":33,"column":59},"end":{"line":33,"column":63}}],"line":33}},"s":{"0":0,"1":0,"2":0,"3":0,"4":0,"5":0},"f":{"0":0,"1":0},"b":{"0":[0],"1":[0],"2":[0]}}
,"/Users/onyemaanthony/WebstormProjects/Liquifact-backend/src/utils/retry.js": {"path":"/Users/onyemaanthony/WebstormProjects/Liquifact-backend/src/utils/retry.js","statementMap":{"0":{"start":{"line":29,"column":26},"end":{"line":29,"column":28}},"1":{"start":{"line":30,"column":24},"end":{"line":30,"column":29}},"2":{"start":{"line":31,"column":29},"end":{"line":31,"column":34}},"3":{"start":{"line":38,"column":6},"end":{"line":38,"column":13}},"4":{"start":{"line":37,"column":24},"end":{"line":37,"column":28}},"5":{"start":{"line":41,"column":21},"end":{"line":41,"column":74}},"6":{"start":{"line":42,"column":20},"end":{"line":42,"column":75}},"7":{"start":{"line":43,"column":19},"end":{"line":43,"column":68}},"8":{"start":{"line":45,"column":16},"end":{"line":45,"column":17}},"9":{"start":{"line":47,"column":2},"end":{"line":65,"column":3}},"10":{"start":{"line":48,"column":4},"end":{"line":64,"column":5}},"11":{"start":{"line":49,"column":6},"end":{"line":49,"column":31}},"12":{"start":{"line":51,"column":6},"end":{"line":53,"column":7}},"13":{"start":{"line":52,"column":8},"end":{"line":52,"column":20}},"14":{"start":{"line":56,"column":31},"end":{"line":56,"column":63}},"15":{"start":{"line":57,"column":20},"end":{"line":57,"column":56}},"16":{"start":{"line":60,"column":28},"end":{"line":60,"column":63}},"17":{"start":{"line":62,"column":6},"end":{"line":62,"column":16}},"18":{"start":{"line":63,"column":6},"end":{"line":63,"column":73}},"19":{"start":{"line":63,"column":37},"end":{"line":63,"column":71}},"20":{"start":{"line":68,"column":0},"end":{"line":70,"column":2}}},"fnMap":{"0":{"name":"withRetry","decl":{"start":{"line":27,"column":15},"end":{"line":27,"column":24}},"loc":{"start":{"line":27,"column":50},"end":{"line":66,"column":1}},"line":27},"1":{"name":"(anonymous_1)","decl":{"start":{"line":37,"column":18},"end":{"line":37,"column":19}},"loc":{"start":{"line":37,"column":24},"end":{"line":37,"column":28}},"line":37},"2":{"name":"(anonymous_2)","decl":{"start":{"line":63,"column":24},"end":{"line":63,"column":25}},"loc":{"start":{"line":63,"column":37},"end":{"line":63,"column":71}},"line":63}},"branchMap":{"0":{"loc":{"start":{"line":27,"column":36},"end":{"line":27,"column":48}},"type":"default-arg","locations":[{"start":{"line":27,"column":46},"end":{"line":27,"column":48}}],"line":27},"1":{"loc":{"start":{"line":34,"column":16},"end":{"line":34,"column":33}},"type":"default-arg","locations":[{"start":{"line":34,"column":32},"end":{"line":34,"column":33}}],"line":34},"2":{"loc":{"start":{"line":35,"column":15},"end":{"line":35,"column":33}},"type":"default-arg","locations":[{"start":{"line":35,"column":30},"end":{"line":35,"column":33}}],"line":35},"3":{"loc":{"start":{"line":36,"column":14},"end":{"line":36,"column":33}},"type":"default-arg","locations":[{"start":{"line":36,"column":28},"end":{"line":36,"column":33}}],"line":36},"4":{"loc":{"start":{"line":37,"column":4},"end":{"line":37,"column":28}},"type":"default-arg","locations":[{"start":{"line":37,"column":18},"end":{"line":37,"column":28}}],"line":37},"5":{"loc":{"start":{"line":51,"column":6},"end":{"line":53,"column":7}},"type":"if","locations":[{"start":{"line":51,"column":6},"end":{"line":53,"column":7}},{"start":{},"end":{}}],"line":51},"6":{"loc":{"start":{"line":51,"column":10},"end":{"line":51,"column":54}},"type":"binary-expr","locations":[{"start":{"line":51,"column":10},"end":{"line":51,"column":31}},{"start":{"line":51,"column":35},"end":{"line":51,"column":54}}],"line":51}},"s":{"0":6,"1":6,"2":6,"3":6,"4":15,"5":6,"6":6,"7":6,"8":6,"9":6,"10":21,"11":21,"12":19,"13":4,"14":15,"15":15,"16":15,"17":15,"18":15,"19":15,"20":1},"f":{"0":6,"1":15,"2":15},"b":{"0":[1],"1":[1],"2":[1],"3":[5],"4":[5],"5":[4,15],"6":[19,16]},"_coverageSchema":"1a1c01bbd47fc00a2c39e90264f33305004495a9","hash":"5f9822dcdbc0fc13d86433365300eec8579c007c"}
,"/Users/onyemaanthony/WebstormProjects/Liquifact-backend/src/utils/validators.js": {"path":"/Users/onyemaanthony/WebstormProjects/Liquifact-backend/src/utils/validators.js","statementMap":{"0":{"start":{"line":14,"column":17},"end":{"line":14,"column":19}},"1":{"start":{"line":15,"column":26},"end":{"line":18,"column":3}},"2":{"start":{"line":28,"column":6},"end":{"line":28,"column":11}},"3":{"start":{"line":31,"column":2},"end":{"line":38,"column":3}},"4":{"start":{"line":32,"column":26},"end":{"line":32,"column":56}},"5":{"start":{"line":33,"column":4},"end":{"line":37,"column":5}},"6":{"start":{"line":34,"column":6},"end":{"line":34,"column":46}},"7":{"start":{"line":36,"column":6},"end":{"line":36,"column":81}},"8":{"start":{"line":41,"column":2},"end":{"line":47,"column":3}},"9":{"start":{"line":42,"column":4},"end":{"line":46,"column":5}},"10":{"start":{"line":43,"column":6},"end":{"line":43,"column":44}},"11":{"start":{"line":45,"column":6},"end":{"line":45,"column":42}},"12":{"start":{"line":50,"column":2},"end":{"line":56,"column":3}},"13":{"start":{"line":51,"column":4},"end":{"line":55,"column":5}},"14":{"start":{"line":52,"column":6},"end":{"line":52,"column":48}},"15":{"start":{"line":54,"column":6},"end":{"line":54,"column":44}},"16":{"start":{"line":59,"column":20},"end":{"line":59,"column":41}},"17":{"start":{"line":60,"column":2},"end":{"line":66,"column":3}},"18":{"start":{"line":61,"column":4},"end":{"line":65,"column":5}},"19":{"start":{"line":62,"column":6},"end":{"line":62,"column":50}},"20":{"start":{"line":64,"column":6},"end":{"line":64,"column":61}},"21":{"start":{"line":68,"column":2},"end":{"line":74,"column":3}},"22":{"start":{"line":69,"column":4},"end":{"line":73,"column":5}},"23":{"start":{"line":70,"column":6},"end":{"line":70,"column":46}},"24":{"start":{"line":72,"column":6},"end":{"line":72,"column":59}},"25":{"start":{"line":77,"column":2},"end":{"line":84,"column":3}},"26":{"start":{"line":78,"column":28},"end":{"line":78,"column":46}},"27":{"start":{"line":79,"column":4},"end":{"line":83,"column":5}},"28":{"start":{"line":80,"column":6},"end":{"line":80,"column":46}},"29":{"start":{"line":82,"column":6},"end":{"line":82,"column":83}},"30":{"start":{"line":87,"column":2},"end":{"line":94,"column":3}},"31":{"start":{"line":88,"column":23},"end":{"line":88,"column":42}},"32":{"start":{"line":89,"column":4},"end":{"line":93,"column":5}},"33":{"start":{"line":90,"column":6},"end":{"line":90,"column":49}},"34":{"start":{"line":92,"column":6},"end":{"line":92,"column":60}},"35":{"start":{"line":96,"column":2},"end":{"line":100,"column":4}},"36":{"start":{"line":103,"column":0},"end":{"line":105,"column":2}}},"fnMap":{"0":{"name":"validateInvoiceQueryParams","decl":{"start":{"line":13,"column":9},"end":{"line":13,"column":35}},"loc":{"start":{"line":13,"column":43},"end":{"line":101,"column":1}},"line":13}},"branchMap":{"0":{"loc":{"start":{"line":31,"column":2},"end":{"line":38,"column":3}},"type":"if","locations":[{"start":{"line":31,"column":2},"end":{"line":38,"column":3}},{"start":{},"end":{}}],"line":31},"1":{"loc":{"start":{"line":33,"column":4},"end":{"line":37,"column":5}},"type":"if","locations":[{"start":{"line":33,"column":4},"end":{"line":37,"column":5}},{"start":{"line":35,"column":11},"end":{"line":37,"column":5}}],"line":33},"2":{"loc":{"start":{"line":41,"column":2},"end":{"line":47,"column":3}},"type":"if","locations":[{"start":{"line":41,"column":2},"end":{"line":47,"column":3}},{"start":{},"end":{}}],"line":41},"3":{"loc":{"start":{"line":42,"column":4},"end":{"line":46,"column":5}},"type":"if","locations":[{"start":{"line":42,"column":4},"end":{"line":46,"column":5}},{"start":{"line":44,"column":11},"end":{"line":46,"column":5}}],"line":42},"4":{"loc":{"start":{"line":42,"column":8},"end":{"line":42,"column":60}},"type":"binary-expr","locations":[{"start":{"line":42,"column":8},"end":{"line":42,"column":33}},{"start":{"line":42,"column":37},"end":{"line":42,"column":60}}],"line":42},"5":{"loc":{"start":{"line":50,"column":2},"end":{"line":56,"column":3}},"type":"if","locations":[{"start":{"line":50,"column":2},"end":{"line":56,"column":3}},{"start":{},"end":{}}],"line":50},"6":{"loc":{"start":{"line":51,"column":4},"end":{"line":55,"column":5}},"type":"if","locations":[{"start":{"line":51,"column":4},"end":{"line":55,"column":5}},{"start":{"line":53,"column":11},"end":{"line":55,"column":5}}],"line":51},"7":{"loc":{"start":{"line":51,"column":8},"end":{"line":51,"column":64}},"type":"binary-expr","locations":[{"start":{"line":51,"column":8},"end":{"line":51,"column":35}},{"start":{"line":51,"column":39},"end":{"line":51,"column":64}}],"line":51},"8":{"loc":{"start":{"line":60,"column":2},"end":{"line":66,"column":3}},"type":"if","locations":[{"start":{"line":60,"column":2},"end":{"line":66,"column":3}},{"start":{},"end":{}}],"line":60},"9":{"loc":{"start":{"line":61,"column":4},"end":{"line":65,"column":5}},"type":"if","locations":[{"start":{"line":61,"column":4},"end":{"line":65,"column":5}},{"start":{"line":63,"column":11},"end":{"line":65,"column":5}}],"line":61},"10":{"loc":{"start":{"line":61,"column":8},"end":{"line":61,"column":64}},"type":"binary-expr","locations":[{"start":{"line":61,"column":8},"end":{"line":61,"column":32}},{"start":{"line":61,"column":36},"end":{"line":61,"column":64}}],"line":61},"11":{"loc":{"start":{"line":68,"column":2},"end":{"line":74,"column":3}},"type":"if","locations":[{"start":{"line":68,"column":2},"end":{"line":74,"column":3}},{"start":{},"end":{}}],"line":68},"12":{"loc":{"start":{"line":69,"column":4},"end":{"line":73,"column":5}},"type":"if","locations":[{"start":{"line":69,"column":4},"end":{"line":73,"column":5}},{"start":{"line":71,"column":11},"end":{"line":73,"column":5}}],"line":69},"13":{"loc":{"start":{"line":69,"column":8},"end":{"line":69,"column":60}},"type":"binary-expr","locations":[{"start":{"line":69,"column":8},"end":{"line":69,"column":30}},{"start":{"line":69,"column":34},"end":{"line":69,"column":60}}],"line":69},"14":{"loc":{"start":{"line":77,"column":2},"end":{"line":84,"column":3}},"type":"if","locations":[{"start":{"line":77,"column":2},"end":{"line":84,"column":3}},{"start":{},"end":{}}],"line":77},"15":{"loc":{"start":{"line":79,"column":4},"end":{"line":83,"column":5}},"type":"if","locations":[{"start":{"line":79,"column":4},"end":{"line":83,"column":5}},{"start":{"line":81,"column":11},"end":{"line":83,"column":5}}],"line":79},"16":{"loc":{"start":{"line":87,"column":2},"end":{"line":94,"column":3}},"type":"if","locations":[{"start":{"line":87,"column":2},"end":{"line":94,"column":3}},{"start":{},"end":{}}],"line":87},"17":{"loc":{"start":{"line":89,"column":4},"end":{"line":93,"column":5}},"type":"if","locations":[{"start":{"line":89,"column":4},"end":{"line":93,"column":5}},{"start":{"line":91,"column":11},"end":{"line":93,"column":5}}],"line":89}},"s":{"0":12,"1":12,"2":12,"3":12,"4":3,"5":3,"6":1,"7":2,"8":12,"9":1,"10":1,"11":0,"12":12,"13":2,"14":1,"15":1,"16":12,"17":12,"18":3,"19":1,"20":2,"21":12,"22":1,"23":1,"24":0,"25":12,"26":3,"27":3,"28":1,"29":2,"30":12,"31":2,"32":2,"33":1,"34":1,"35":12,"36":1},"f":{"0":12},"b":{"0":[3,9],"1":[1,2],"2":[1,11],"3":[1,0],"4":[1,1],"5":[2,10],"6":[1,1],"7":[2,2],"8":[3,9],"9":[1,2],"10":[3,2],"11":[1,11],"12":[1,0],"13":[1,1],"14":[3,9],"15":[1,2],"16":[2,10],"17":[1,1]},"_coverageSchema":"1a1c01bbd47fc00a2c39e90264f33305004495a9","hash":"003d252d0e786ab335bcac5275f504df4ec87e69"}
}
