TN:
SF:src/app.js
FN:45,handleCorsError
FN:62,handleInternalError
FN:75,createApp
FN:92,(anonymous_3)
FN:102,(anonymous_4)
FN:115,(anonymous_5)
FN:123,(anonymous_6)
FN:131,(anonymous_7)
FN:139,(anonymous_8)
FN:153,(anonymous_9)
FN:158,(anonymous_10)
FNF:11
FNH:0
FNDA:0,handleCorsError
FNDA:0,handleInternalError
FNDA:0,createApp
FNDA:0,(anonymous_3)
FNDA:0,(anonymous_4)
FNDA:0,(anonymous_5)
FNDA:0,(anonymous_6)
FNDA:0,(anonymous_7)
FNDA:0,(anonymous_8)
FNDA:0,(anonymous_9)
FNDA:0,(anonymous_10)
DA:19,0
DA:20,0
DA:21,0
DA:23,0
DA:24,0
DA:30,0
DA:32,0
DA:33,0
DA:34,0
DA:46,0
DA:47,0
DA:48,0
DA:50,0
DA:63,0
DA:64,0
DA:76,0
DA:81,0
DA:85,0
DA:87,0
DA:92,0
DA:93,0
DA:102,0
DA:103,0
DA:115,0
DA:116,0
DA:123,0
DA:124,0
DA:131,0
DA:132,0
DA:133,0
DA:139,0
DA:140,0
DA:142,0
DA:143,0
DA:148,0
DA:153,0
DA:154,0
DA:158,0
DA:159,0
DA:163,0
DA:164,0
DA:165,0
DA:167,0
DA:170,0
LF:44
LH:0
BRDA:46,0,0,0
BRDA:46,0,1,0
BRDA:148,1,0,0
BRDA:148,1,1,0
BRF:4
BRH:0
end_of_record
TN:
SF:src/config/cors.js
FN:40,parseAllowedOrigins
FN:46,(anonymous_1)
FN:58,resolveAllowlist
FN:76,createCorsRejectionError
FN:90,isCorsOriginRejectedError
FN:108,createCorsOptions
FN:118,(anonymous_6)
FNF:7
FNH:7
FNDA:5,parseAllowedOrigins
FNDA:7,(anonymous_1)
FNDA:2,resolveAllowlist
FNDA:1,createCorsRejectionError
FNDA:1,isCorsOriginRejectedError
FNDA:2,createCorsOptions
FNDA:2,(anonymous_6)
DA:25,1
DA:41,5
DA:42,2
DA:46,7
DA:59,2
DA:60,2
DA:62,2
DA:65,2
DA:77,1
DA:78,1
DA:79,1
DA:80,1
DA:91,1
DA:109,2
DA:111,2
DA:120,2
DA:121,1
DA:125,1
DA:126,1
DA:129,0
DA:130,0
DA:133,0
DA:140,1
LF:23
LH:20
BRDA:41,0,0,3
BRDA:41,0,1,2
BRDA:41,1,0,5
BRDA:41,1,1,2
BRDA:60,2,0,0
BRDA:60,2,1,2
BRDA:62,3,0,0
BRDA:62,3,1,2
BRDA:91,4,0,1
BRDA:91,4,1,1
BRDA:120,5,0,1
BRDA:120,5,1,1
BRDA:125,6,0,1
BRDA:125,6,1,0
BRDA:129,7,0,0
BRDA:129,7,1,0
BRF:16
BRH:11
end_of_record
TN:
SF:src/db/knex.js
FNF:0
FNH:0
DA:1,0
DA:2,0
DA:4,0
DA:14,0
DA:18,0
LF:5
LH:0
BRDA:6,0,0,0
BRDA:6,0,1,0
BRDA:14,1,0,0
BRDA:14,1,1,0
BRF:4
BRH:0
end_of_record
TN:
SF:src/errors/AppError.js
FN:14,(anonymous_0)
FNF:1
FNH:1
FNDA:4,(anonymous_0)
DA:15,4
DA:16,4
DA:17,4
DA:18,4
DA:19,4
DA:20,4
DA:21,4
DA:24,4
DA:28,4
LF:9
LH:9
BRDA:17,0,0,4
BRDA:17,0,1,2
BRDA:19,1,0,4
BRDA:19,1,1,2
BRF:4
BRH:4
end_of_record
TN:
SF:src/middleware/auth.js
FN:19,(anonymous_0)
FN:35,(anonymous_1)
FNF:2
FNH:0
FNDA:0,(anonymous_0)
FNDA:0,(anonymous_1)
DA:7,0
DA:19,0
DA:20,0
DA:22,0
DA:23,0
DA:26,0
DA:28,0
DA:29,0
DA:32,0
DA:33,0
DA:35,0
DA:36,0
DA:37,0
DA:38,0
DA:40,0
DA:44,0
DA:45,0
DA:49,0
LF:18
LH:0
BRDA:22,0,0,0
BRDA:22,0,1,0
BRDA:28,1,0,0
BRDA:28,1,1,0
BRDA:28,2,0,0
BRDA:28,2,1,0
BRDA:33,3,0,0
BRDA:33,3,1,0
BRDA:36,4,0,0
BRDA:36,4,1,0
BRDA:37,5,0,0
BRDA:37,5,1,0
BRF:12
BRH:0
end_of_record
TN:
SF:src/middleware/bodySizeLimits.js
FN:50,parseSize
FN:75,sendPayloadTooLarge
FN:97,jsonBodyLimit
FN:111,jsonSizeGuard
FN:130,urlencodedBodyLimit
FN:144,urlencodedSizeGuard
FN:169,payloadTooLargeHandler
FN:192,invoiceBodyLimit
FNF:8
FNH:0
FNDA:0,parseSize
FNDA:0,sendPayloadTooLarge
FNDA:0,jsonBodyLimit
FNDA:0,jsonSizeGuard
FNDA:0,urlencodedBodyLimit
FNDA:0,urlencodedSizeGuard
FNDA:0,payloadTooLargeHandler
FNDA:0,invoiceBodyLimit
DA:13,0
DA:25,0
DA:51,0
DA:52,0
DA:55,0
DA:56,0
DA:57,0
DA:60,0
DA:61,0
DA:63,0
DA:64,0
DA:76,0
DA:98,0
DA:99,0
DA:101,0
DA:112,0
DA:113,0
DA:114,0
DA:116,0
DA:131,0
DA:132,0
DA:134,0
DA:145,0
DA:146,0
DA:147,0
DA:149,0
DA:170,0
DA:171,0
DA:177,0
DA:193,0
DA:196,0
LF:31
LH:0
BRDA:26,0,0,0
BRDA:26,0,1,0
BRDA:27,1,0,0
BRDA:27,1,1,0
BRDA:28,2,0,0
BRDA:28,2,1,0
BRDA:29,3,0,0
BRDA:29,3,1,0
BRDA:51,4,0,0
BRDA:51,4,1,0
BRDA:51,5,0,0
BRDA:51,5,1,0
BRDA:56,6,0,0
BRDA:56,6,1,0
BRDA:61,7,0,0
BRDA:61,7,1,0
BRDA:98,8,0,0
BRDA:98,8,1,0
BRDA:112,9,0,0
BRDA:112,9,1,0
BRDA:113,10,0,0
BRDA:113,10,1,0
BRDA:113,11,0,0
BRDA:113,11,1,0
BRDA:131,12,0,0
BRDA:131,12,1,0
BRDA:145,13,0,0
BRDA:145,13,1,0
BRDA:146,14,0,0
BRDA:146,14,1,0
BRDA:146,15,0,0
BRDA:146,15,1,0
BRDA:170,16,0,0
BRDA:170,16,1,0
BRDA:193,17,0,0
BRDA:193,17,1,0
BRF:36
BRH:0
end_of_record
TN:
SF:src/middleware/deprecation.js
FN:9,(anonymous_0)
FN:10,(anonymous_1)
FNF:2
FNH:2
FNDA:1,(anonymous_0)
FNDA:3,(anonymous_1)
DA:9,1
DA:10,1
DA:12,3
DA:14,3
DA:15,3
DA:17,3
DA:18,3
DA:22,3
DA:24,3
DA:27,3
DA:31,1
LF:11
LH:11
BRDA:9,0,0,0
BRDA:14,1,0,3
BRDA:14,1,1,0
BRDA:17,2,0,3
BRDA:17,2,1,0
BRDA:22,3,0,3
BRDA:22,3,1,0
BRF:7
BRH:3
end_of_record
TN:
SF:src/middleware/errorHandler.js
FN:12,errorHandler
FNF:1
FNH:1
FNDA:8,errorHandler
DA:1,3
DA:2,3
DA:16,8
DA:17,1
DA:27,7
DA:28,7
DA:39,8
DA:40,8
DA:43,3
LF:9
LH:9
BRDA:16,0,0,1
BRDA:16,0,1,7
BRDA:22,1,0,1
BRDA:22,1,1,1
BRF:4
BRH:4
end_of_record
TN:
SF:src/middleware/rateLimit.js
FN:25,(anonymous_0)
FN:48,(anonymous_1)
FNF:2
FNH:0
FNDA:0,(anonymous_0)
FNDA:0,(anonymous_1)
DA:6,0
DA:12,0
DA:27,0
DA:35,0
DA:49,0
DA:53,0
LF:6
LH:0
BRDA:27,0,0,0
BRDA:27,0,1,0
BRDA:49,1,0,0
BRDA:49,1,1,0
BRF:4
BRH:0
end_of_record
TN:
SF:src/middleware/security.js
FN:37,createSecurityMiddleware
FNF:1
FNH:0
FNDA:0,createSecurityMiddleware
DA:22,0
DA:38,0
DA:137,0
LF:3
LH:0
BRF:0
BRH:0
end_of_record
TN:
SF:src/services/invoice.service.js
FN:31,getInvoices
FNF:1
FNH:1
FNDA:2,getInvoices
DA:1,1
DA:2,1
DA:11,1
DA:32,2
DA:33,2
DA:36,2
DA:42,2
DA:44,1
DA:45,1
DA:49,1
LF:10
LH:10
BRF:0
BRH:0
end_of_record
TN:
SF:src/services/soroban.js
FN:50,sleep
FN:51,(anonymous_1)
FN:64,computeBackoff
FN:79,isRetryable
FN:109,withRetry
FN:146,callSorobanContract
FN:147,(anonymous_6)
FNF:7
FNH:7
FNDA:1,sleep
FNDA:1,(anonymous_1)
FNDA:1,computeBackoff
FNDA:2,isRetryable
FNDA:3,withRetry
FNDA:3,callSorobanContract
FNDA:3,(anonymous_6)
DA:13,1
DA:18,1
DA:31,1
DA:42,1
DA:51,1
DA:65,1
DA:66,1
DA:67,1
DA:68,1
DA:69,1
DA:80,2
DA:81,2
DA:82,1
DA:83,1
DA:84,1
DA:110,3
DA:111,3
DA:114,3
DA:115,4
DA:116,4
DA:118,2
DA:119,2
DA:120,2
DA:122,1
DA:123,1
DA:128,0
DA:147,3
DA:150,1
LF:28
LH:27
BRDA:32,0,0,1
BRDA:32,0,1,1
BRDA:33,1,0,1
BRDA:33,1,1,1
BRDA:34,2,0,1
BRDA:34,2,1,1
BRDA:80,3,0,0
BRDA:80,3,1,2
BRDA:81,4,0,1
BRDA:81,4,1,1
BRDA:81,5,0,2
BRDA:81,5,1,2
BRDA:82,6,0,0
BRDA:82,6,1,1
BRDA:82,7,0,1
BRDA:82,7,1,0
BRDA:83,8,0,0
BRDA:83,8,1,1
BRDA:83,9,0,1
BRDA:83,9,1,0
BRDA:120,10,0,1
BRDA:120,10,1,1
BRDA:120,11,0,2
BRDA:120,11,1,2
BRF:24
BRH:19
end_of_record
TN:
SF:src/utils/asyncHandler.js
FN:8,(anonymous_0)
FN:9,(anonymous_1)
FNF:2
FNH:2
FNDA:5,(anonymous_0)
FNDA:5,(anonymous_1)
DA:8,2
DA:9,5
DA:10,5
DA:14,2
LF:4
LH:4
BRF:0
BRH:0
end_of_record
TN:
SF:src/utils/circuitBreaker.js
FN:31,(anonymous_0)
FN:47,(anonymous_1)
FN:75,(anonymous_2)
FN:90,(anonymous_3)
FNF:4
FNH:4
FNDA:8,(anonymous_0)
FNDA:12,(anonymous_1)
FNDA:4,(anonymous_2)
FNDA:6,(anonymous_3)
DA:12,2
DA:32,8
DA:33,8
DA:34,8
DA:36,8
DA:37,8
DA:38,8
DA:48,12
DA:49,4
DA:51,2
DA:54,2
DA:55,1
DA:57,1
DA:61,10
DA:62,10
DA:63,4
DA:65,6
DA:76,4
DA:77,4
DA:78,1
DA:80,4
DA:91,6
DA:93,6
DA:94,3
DA:95,3
DA:98,6
DA:99,1
DA:102,5
DA:106,2
LF:29
LH:29
BRDA:31,0,0,0
BRDA:32,1,0,8
BRDA:32,1,1,0
BRDA:33,2,0,8
BRDA:33,2,1,0
BRDA:34,3,0,8
BRDA:34,3,1,7
BRDA:48,4,0,4
BRDA:48,4,1,8
BRDA:49,5,0,2
BRDA:49,5,1,2
BRDA:54,6,0,1
BRDA:54,6,1,1
BRDA:77,7,0,1
BRDA:77,7,1,3
BRDA:93,8,0,3
BRDA:93,8,1,3
BRDA:93,9,0,6
BRDA:93,9,1,5
BRDA:98,10,0,1
BRDA:98,10,1,5
BRDA:98,11,0,6
BRDA:98,11,1,3
BRF:23
BRH:20
end_of_record
TN:
SF:src/utils/problemDetails.js
FN:5,formatProblemDetails
FNF:1
FNH:1
FNDA:11,formatProblemDetails
DA:14,11
DA:23,11
DA:24,8
DA:27,11
DA:30,4
LF:5
LH:5
BRDA:6,0,0,1
BRDA:7,1,0,1
BRDA:8,2,0,1
BRDA:12,3,0,9
BRDA:23,4,0,8
BRDA:23,4,1,3
BRDA:23,5,0,11
BRDA:23,5,1,9
BRF:8
BRH:8
end_of_record
TN:
SF:src/utils/queryBuilder.js
FN:22,applyQueryOptions
FN:27,(anonymous_1)
FNF:2
FNH:2
FNDA:13,applyQueryOptions
FNDA:11,(anonymous_1)
DA:23,13
DA:24,13
DA:27,13
DA:28,11
DA:29,11
DA:31,8
DA:32,7
DA:35,7
DA:36,1
DA:37,6
DA:38,1
DA:41,5
DA:47,13
DA:48,13
DA:49,5
DA:50,5
DA:51,5
DA:52,8
DA:54,7
DA:55,7
DA:56,7
DA:59,13
DA:62,2
LF:23
LH:23
BRDA:22,0,0,0
BRDA:22,1,0,0
BRDA:23,2,0,7
BRDA:23,3,0,7
BRDA:24,4,0,0
BRDA:24,5,0,0
BRDA:24,6,0,1
BRDA:29,7,0,3
BRDA:29,7,1,8
BRDA:29,8,0,11
BRDA:29,8,1,10
BRDA:29,8,2,9
BRDA:31,9,0,7
BRDA:31,9,1,1
BRDA:32,10,0,7
BRDA:32,10,1,4
BRDA:35,11,0,1
BRDA:35,11,1,6
BRDA:37,12,0,1
BRDA:37,12,1,5
BRDA:47,13,0,9
BRDA:48,14,0,5
BRDA:48,14,1,8
BRDA:48,15,0,13
BRDA:48,15,1,6
BRDA:49,16,0,5
BRDA:49,16,1,5
BRDA:50,17,0,4
BRDA:50,17,1,1
BRDA:52,18,0,7
BRDA:52,18,1,1
BRDA:55,19,0,7
BRDA:55,19,1,7
BRF:33
BRH:29
end_of_record
TN:
SF:src/utils/responseHelper.js
FN:15,(anonymous_0)
FN:33,(anonymous_1)
FNF:2
FNH:0
FNDA:0,(anonymous_0)
FNDA:0,(anonymous_1)
DA:6,0
DA:15,0
DA:33,0
DA:46,0
LF:4
LH:0
BRDA:15,0,0,0
BRDA:33,1,0,0
BRDA:33,2,0,0
BRF:3
BRH:0
end_of_record
TN:
SF:src/utils/retry.js
FN:27,withRetry
FN:37,(anonymous_1)
FN:63,(anonymous_2)
FNF:3
FNH:3
FNDA:6,withRetry
FNDA:15,(anonymous_1)
FNDA:15,(anonymous_2)
DA:29,6
DA:30,6
DA:31,6
DA:37,15
DA:38,6
DA:41,6
DA:42,6
DA:43,6
DA:45,6
DA:47,6
DA:48,21
DA:49,21
DA:51,19
DA:52,4
DA:56,15
DA:57,15
DA:60,15
DA:62,15
DA:63,15
DA:68,1
LF:20
LH:20
BRDA:27,0,0,1
BRDA:34,1,0,1
BRDA:35,2,0,1
BRDA:36,3,0,5
BRDA:37,4,0,5
BRDA:51,5,0,4
BRDA:51,5,1,15
BRDA:51,6,0,19
BRDA:51,6,1,16
BRF:9
BRH:9
end_of_record
TN:
SF:src/utils/validators.js
FN:13,validateInvoiceQueryParams
FNF:1
FNH:1
FNDA:12,validateInvoiceQueryParams
DA:14,12
DA:15,12
DA:28,12
DA:31,12
DA:32,3
DA:33,3
DA:34,1
DA:36,2
DA:41,12
DA:42,1
DA:43,1
DA:45,0
DA:50,12
DA:51,2
DA:52,1
DA:54,1
DA:59,12
DA:60,12
DA:61,3
DA:62,1
DA:64,2
DA:68,12
DA:69,1
DA:70,1
DA:72,0
DA:77,12
DA:78,3
DA:79,3
DA:80,1
DA:82,2
DA:87,12
DA:88,2
DA:89,2
DA:90,1
DA:92,1
DA:96,12
DA:103,1
LF:37
LH:35
BRDA:31,0,0,3
BRDA:31,0,1,9
BRDA:33,1,0,1
BRDA:33,1,1,2
BRDA:41,2,0,1
BRDA:41,2,1,11
BRDA:42,3,0,1
BRDA:42,3,1,0
BRDA:42,4,0,1
BRDA:42,4,1,1
BRDA:50,5,0,2
BRDA:50,5,1,10
BRDA:51,6,0,1
BRDA:51,6,1,1
BRDA:51,7,0,2
BRDA:51,7,1,2
BRDA:60,8,0,3
BRDA:60,8,1,9
BRDA:61,9,0,1
BRDA:61,9,1,2
BRDA:61,10,0,3
BRDA:61,10,1,2
BRDA:68,11,0,1
BRDA:68,11,1,11
BRDA:69,12,0,1
BRDA:69,12,1,0
BRDA:69,13,0,1
BRDA:69,13,1,1
BRDA:77,14,0,3
BRDA:77,14,1,9
BRDA:79,15,0,1
BRDA:79,15,1,2
BRDA:87,16,0,2
BRDA:87,16,1,10
BRDA:89,17,0,1
BRDA:89,17,1,1
BRF:36
BRH:34
end_of_record
